#
# A fatal error has been detected by the Java Runtime Environment:
#
#  EXCEPTION_ACCESS_VIOLATION (0xc0000005) at pc=0x00007fff6718f564, pid=8316, tid=11108
#
# JRE version: OpenJDK Runtime Environment (21.0.6) (build 21.0.6+-13368085-b895.109)
# Java VM: OpenJDK 64-Bit Server VM (21.0.6+-13368085-b895.109, mixed mode, tiered, compressed oops, compressed class ptrs, g1 gc, windows-amd64)
# Problematic frame:
# V  [jvm.dll+0x24f564]
#
# No core dump will be written. Minidumps are not enabled by default on client versions of Windows
#
# If you would like to submit a bug report, please visit:
#   https://youtrack.jetbrains.com/issues/JBR
#

---------------  S U M M A R Y ------------

Command Line: --add-opens=java.base/java.lang=ALL-UNNAMED --add-opens=java.base/java.lang.invoke=ALL-UNNAMED --add-opens=java.base/java.util=ALL-UNNAMED --add-opens=java.prefs/java.util.prefs=ALL-UNNAMED --add-exports=jdk.compiler/com.sun.tools.javac.api=ALL-UNNAMED --add-exports=jdk.compiler/com.sun.tools.javac.util=ALL-UNNAMED --add-opens=java.base/java.util=ALL-UNNAMED --add-opens=java.prefs/java.util.prefs=ALL-UNNAMED --add-opens=java.base/java.nio.charset=ALL-UNNAMED --add-opens=java.base/java.net=ALL-UNNAMED --add-opens=java.base/java.util.concurrent.atomic=ALL-UNNAMED --add-opens=java.xml/javax.xml.namespace=ALL-UNNAMED -Xmx2048m -Dfile.encoding=UTF-8 -Duser.country=US -Duser.language=en -Duser.variant -javaagent:C:\Users\USER\.gradle\wrapper\dists\gradle-8.11.1-bin\bpt9gzteqjrbo1mjrsomdt32c\gradle-8.11.1\lib\agents\gradle-instrumentation-agent-8.11.1.jar org.gradle.launcher.daemon.bootstrap.GradleDaemon 8.11.1

Host: Intel(R) Core(TM) i7-6600U CPU @ 2.60GHz, 4 cores, 15G,  Windows 11 , 64 bit Build 22621 (10.0.22621.3958)
Time: Sun May 18 17:13:56 2025 Azerbaijan Standard Time elapsed time: 36.079570 seconds (0d 0h 0m 36s)

---------------  T H R E A D  ---------------

Current thread (0x000001dd400d3450):  JavaThread "C2 CompilerThread0" daemon [_thread_in_native, id=11108, stack(0x000000c0f0c00000,0x000000c0f0d00000) (1024K)]


Current CompileTask:
C2:36079 7960       4       java.util.stream.ReferencePipeline::collect (124 bytes)

Stack: [0x000000c0f0c00000,0x000000c0f0d00000],  sp=0x000000c0f0cfd5a0,  free space=1013k
Native frames: (J=compiled Java code, j=interpreted, Vv=VM code, C=native code)
V  [jvm.dll+0x24f564]
V  [jvm.dll+0x6f5de7]
V  [jvm.dll+0x246f87]
V  [jvm.dll+0x1c5f04]
V  [jvm.dll+0x2569ac]
V  [jvm.dll+0x254ef6]
V  [jvm.dll+0x3f0e96]
V  [jvm.dll+0x806ed8]
V  [jvm.dll+0x6cef0d]
C  [ucrtbase.dll+0x29333]
C  [KERNEL32.DLL+0x1257d]
C  [ntdll.dll+0x5af08]


siginfo: EXCEPTION_ACCESS_VIOLATION (0xc0000005), reading address 0x0000000400000000


Registers:
RAX=0x0000000400000000, RBX=0x000000c0f0cfe150, RCX=0x00000000000002d9, RDX=0x000000000000042d
RSP=0x000000c0f0cfd5a0, RBP=0x000001dd47f48150, RSI=0x000000000000042c, RDI=0x000001dd44a86958
R8 =0x0000000000004000, R9 =0x0000000000000000, R10=0x00007fff9a130000, R11=0x000001dd5051b450
R12=0x00000000000001dd, R13=0x000001dd481bf088, R14=0x0000000000000000, R15=0x000000000000000e
RIP=0x00007fff6718f564, EFLAGS=0x0000000000010246

XMM[0]=0x0000000000000000 0x0000000000000000
XMM[1]=0x0000000000000000 0x0000000000000000
XMM[2]=0x0000000000000000 0x0000000000000000
XMM[3]=0x0000000000000000 0x0000000000000000
XMM[4]=0x0000000000000000 0x0000000000000000
XMM[5]=0x0000000000000000 0x0000000000000000
XMM[6]=0x0000000000000000 0x0000000000000000
XMM[7]=0x0000000000000000 0x0000000000000000
XMM[8]=0x0000000000000000 0x0000000000000000
XMM[9]=0x0000000000000000 0x0000000000000000
XMM[10]=0x0000000000000000 0x0000000000000000
XMM[11]=0x0000000000000000 0x0000000000000000
XMM[12]=0x0000000000000000 0x0000000000000000
XMM[13]=0x0000000000000000 0x0000000000000000
XMM[14]=0x0000000000000000 0x0000000000000000
XMM[15]=0x0000000000000000 0x0000000000000000
  MXCSR=0x00001fa0


Register to memory mapping:

RAX=0x0000000400000000 is an unknown value
RBX=0x000000c0f0cfe150 is pointing into the stack for thread: 0x000001dd400d3450
RCX=0x00000000000002d9 is an unknown value
RDX=0x000000000000042d is an unknown value
RSP=0x000000c0f0cfd5a0 is pointing into the stack for thread: 0x000001dd400d3450
RBP=0x000001dd47f48150 points into unknown readable memory: 0x000000c0f0cfe3d0 | d0 e3 cf f0 c0 00 00 00
RSI=0x000000000000042c is an unknown value
RDI=0x000001dd44a86958 points into unknown readable memory: 0x00007fff678674d0 | d0 74 86 67 ff 7f 00 00
R8 =0x0000000000004000 is an unknown value
R9 =0x0 is null
R10=0x00007fff9a130000 VCRUNTIME140.dll
R11=0x000001dd5051b450 points into unknown readable memory: 0x0000000000000000 | 00 00 00 00 00 00 00 00
R12=0x00000000000001dd is an unknown value
R13=0x000001dd481bf088 points into unknown readable memory: 0x0000000400000004 | 04 00 00 00 04 00 00 00
R14=0x0 is null
R15=0x000000000000000e is an unknown value

Top of Stack: (sp=0x000000c0f0cfd5a0)
0x000000c0f0cfd5a0:   000000c0f0cfe150 000001dd47f48150
0x000000c0f0cfd5b0:   000000c0f0cfe2a0 000000000000114d
0x000000c0f0cfd5c0:   0000000000000000 000000c0f0cfe140
0x000000c0f0cfd5d0:   000000c0f0cfd7e0 000000c0f0cfe2a0
0x000000c0f0cfd5e0:   000001dd47f4c220 00007fff67635de7
0x000000c0f0cfd5f0:   000001dd000002d9 000001dd47f48150
0x000000c0f0cfd600:   000001dd47f481c0 000001dd3bc6bce0
0x000000c0f0cfd610:   0000000000000002 00007fff67186f87
0x000000c0f0cfd620:   000001dd47f4c220 000000c0f0cfd720
0x000000c0f0cfd630:   000000c0f0cfe2a0 0000000000000001
0x000000c0f0cfd640:   000001dd4018cd00 000001dd4018cea0
0x000000c0f0cfd650:   000000c0f0cfe2a0 000001dd4018ce40
0x000000c0f0cfd660:   000001dd40131f00 000001dd4018d380
0x000000c0f0cfd670:   000001dd40180000 0000000000000000
0x000000c0f0cfd680:   000001dd4018d4a0 000001dd4018d500
0x000000c0f0cfd690:   000001dd4018d560 00007fff678760dc
0x000000c0f0cfd6a0:   0000000000000000 0000000000000000
0x000000c0f0cfd6b0:   0000000000000000 00007fff678760dc
0x000000c0f0cfd6c0:   000001dd4018cf00 000001dd4018d0e0
0x000000c0f0cfd6d0:   000001dd400eb3a0 000001dd45a27fc0
0x000000c0f0cfd6e0:   000001dd45a291f0 000001dd45a2ffa8
0x000000c0f0cfd6f0:   0000000000020338 000001dd40180000
0x000000c0f0cfd700:   0000000000000000 000001dd4018d740
0x000000c0f0cfd710:   000001dd4018d700 000001dd4018daa0
0x000000c0f0cfd720:   0000000000000000 0000000000000000
0x000000c0f0cfd730:   000001dd40140000 0000000000000000
0x000000c0f0cfd740:   000001dd4018d1a0 000001dd4018d300
0x000000c0f0cfd750:   000001dd4018d260 00007fff67894648
0x000000c0f0cfd760:   0000000000000000 000001dd4018d800
0x000000c0f0cfd770:   000001dd4018d860 000001dd4018d8c0
0x000000c0f0cfd780:   00007fff678b6758 000001dd00000001
0x000000c0f0cfd790:   000000c0f0cfe2a0 000000c0f0cff060 

Instructions: (pc=0x00007fff6718f564)
0x00007fff6718f464:   48 8b d7 e8 34 eb e7 ff 41 8b c6 48 f7 d8 4d 8d
0x00007fff6718f474:   24 c4 4c 89 a4 24 88 00 00 00 4c 3b 64 24 20 0f
0x00007fff6718f484:   83 47 fe ff ff 4c 8b 7c 24 30 4c 8b 74 24 38 48
0x00007fff6718f494:   8b 7c 24 40 48 8b ac 24 80 00 00 00 48 83 c4 48
0x00007fff6718f4a4:   41 5d 41 5c 5e 5b c3 cc cc cc cc cc 40 53 56 57
0x00007fff6718f4b4:   48 83 ec 30 8b b9 50 02 00 00 48 8b da 2b b9 78
0x00007fff6718f4c4:   02 00 00 48 8b f1 3b 7a 08 72 0a 8b d7 48 8b cb
0x00007fff6718f4d4:   e8 97 df 45 00 48 8b 43 10 48 c7 04 f8 00 00 00
0x00007fff6718f4e4:   00 48 8b 96 e0 02 00 00 48 85 d2 74 08 48 8b cb
0x00007fff6718f4f4:   e8 a7 ea e7 ff 48 8b 96 e8 02 00 00 48 85 d2 74
0x00007fff6718f504:   08 48 8b cb e8 93 ea e7 ff 8b 53 18 33 c0 89 44
0x00007fff6718f514:   24 50 85 d2 0f 84 f8 00 00 00 48 89 6c 24 58 4c
0x00007fff6718f524:   89 64 24 60 4c 89 6c 24 68 4c 89 74 24 28 4c 89
0x00007fff6718f534:   7c 24 20 66 0f 1f 84 00 00 00 00 00 8b c8 48 8b
0x00007fff6718f544:   43 10 4c 8b 2c c8 41 8b 45 1c 85 c0 0f 84 95 00
0x00007fff6718f554:   00 00 45 33 f6 44 8b e0 0f 1f 40 00 49 8b 45 08
0x00007fff6718f564:   49 8b 3c 06 48 85 ff 74 6d 40 f6 c7 01 75 67 48
0x00007fff6718f574:   83 3f fe 74 61 44 8b 7f 28 41 8b f7 c1 ee 05 3b
0x00007fff6718f584:   73 20 72 0b 8b d6 48 8d 4b 20 e8 7d 61 5f 00 48
0x00007fff6718f594:   8b 43 28 41 83 e7 1f 48 8d 14 b0 41 0f b6 cf 41
0x00007fff6718f5a4:   b8 01 00 00 00 41 d3 e0 8b 0a 8b c1 41 0b c0 89
0x00007fff6718f5b4:   02 41 85 c8 75 20 8b 73 18 8d 46 01 89 43 18 3b
0x00007fff6718f5c4:   73 08 72 0a 8b d6 48 8b cb e8 9e de 45 00 48 8b
0x00007fff6718f5d4:   43 10 48 89 3c f0 49 83 c6 08 49 83 ec 01 0f 85
0x00007fff6718f5e4:   78 ff ff ff 8b 53 18 8b 44 24 50 ff c0 89 44 24
0x00007fff6718f5f4:   50 3b c2 0f 82 43 ff ff ff 4c 8b 7c 24 20 4c 8b
0x00007fff6718f604:   74 24 28 4c 8b 6c 24 68 4c 8b 64 24 60 48 8b 6c
0x00007fff6718f614:   24 58 48 83 c4 30 5f 5e 5b c3 cc cc 40 53 48 83
0x00007fff6718f624:   ec 20 48 8b 81 f0 02 00 00 48 8b d9 48 85 c0 75
0x00007fff6718f634:   27 e8 c6 36 00 00 48 8b d0 48 8b 48 10 48 8b 01
0x00007fff6718f644:   48 3b c2 74 06 83 78 38 02 74 06 48 83 c1 08 eb
0x00007fff6718f654:   ec 48 89 83 f0 02 00 00 48 83 c4 20 5b c3 cc cc 


Stack slot to memory mapping:

stack at sp + 0 slots: 0x000000c0f0cfe150 is pointing into the stack for thread: 0x000001dd400d3450
stack at sp + 1 slots: 0x000001dd47f48150 points into unknown readable memory: 0x000000c0f0cfe3d0 | d0 e3 cf f0 c0 00 00 00
stack at sp + 2 slots: 0x000000c0f0cfe2a0 is pointing into the stack for thread: 0x000001dd400d3450
stack at sp + 3 slots: 0x000000000000114d is an unknown value
stack at sp + 4 slots: 0x0 is null
stack at sp + 5 slots: 0x000000c0f0cfe140 is pointing into the stack for thread: 0x000001dd400d3450
stack at sp + 6 slots: 0x000000c0f0cfd7e0 is pointing into the stack for thread: 0x000001dd400d3450
stack at sp + 7 slots: 0x000000c0f0cfe2a0 is pointing into the stack for thread: 0x000001dd400d3450


---------------  P R O C E S S  ---------------

Threads class SMR info:
_java_thread_list=0x000001dd4d57d6f0, length=42, elements={
0x000001dd24df0080, 0x000001dd400e5cf0, 0x000001dd400e89b0, 0x000001dd400eab30,
0x000001dd400d1620, 0x000001dd400d1c80, 0x000001dd400d26d0, 0x000001dd400d3450,
0x000001dd400d46f0, 0x000001dd4022f630, 0x000001dd4037dea0, 0x000001dd41d30a60,
0x000001dd40528520, 0x000001dd408c5630, 0x000001dd410cb760, 0x000001dd410cbdc0,
0x000001dd41f655a0, 0x000001dd41f7e4a0, 0x000001dd41f7f5c0, 0x000001dd41f7fc20,
0x000001dd41d78ec0, 0x000001dd41dd1240, 0x000001dd41dd0520, 0x000001dd41dd0bb0,
0x000001dd41dd18d0, 0x000001dd41dd1f60, 0x000001dd41dcf800, 0x000001dd41dceae0,
0x000001dd41dcf170, 0x000001dd41dcfe90, 0x000001dd407bcbc0, 0x000001dd407c2110,
0x000001dd407c3b50, 0x000001dd407c06d0, 0x000001dd407bec90, 0x000001dd4b05e000,
0x000001dd407bf320, 0x000001dd407c27a0, 0x000001dd407c34c0, 0x000001dd407c41e0,
0x000001dd407bd250, 0x000001dd407bd8e0
}

Java Threads: ( => current thread )
  0x000001dd24df0080 JavaThread "main"                              [_thread_blocked, id=8340, stack(0x000000c0efe00000,0x000000c0eff00000) (1024K)]
  0x000001dd400e5cf0 JavaThread "Reference Handler"          daemon [_thread_blocked, id=3120, stack(0x000000c0f0600000,0x000000c0f0700000) (1024K)]
  0x000001dd400e89b0 JavaThread "Finalizer"                  daemon [_thread_blocked, id=7048, stack(0x000000c0f0700000,0x000000c0f0800000) (1024K)]
  0x000001dd400eab30 JavaThread "Signal Dispatcher"          daemon [_thread_blocked, id=3764, stack(0x000000c0f0800000,0x000000c0f0900000) (1024K)]
  0x000001dd400d1620 JavaThread "Attach Listener"            daemon [_thread_blocked, id=7840, stack(0x000000c0f0900000,0x000000c0f0a00000) (1024K)]
  0x000001dd400d1c80 JavaThread "Service Thread"             daemon [_thread_blocked, id=14124, stack(0x000000c0f0a00000,0x000000c0f0b00000) (1024K)]
  0x000001dd400d26d0 JavaThread "Monitor Deflation Thread"   daemon [_thread_blocked, id=13144, stack(0x000000c0f0b00000,0x000000c0f0c00000) (1024K)]
=>0x000001dd400d3450 JavaThread "C2 CompilerThread0"         daemon [_thread_in_native, id=11108, stack(0x000000c0f0c00000,0x000000c0f0d00000) (1024K)]
  0x000001dd400d46f0 JavaThread "C1 CompilerThread0"         daemon [_thread_blocked, id=12332, stack(0x000000c0f0d00000,0x000000c0f0e00000) (1024K)]
  0x000001dd4022f630 JavaThread "Common-Cleaner"             daemon [_thread_blocked, id=4392, stack(0x000000c0f0e00000,0x000000c0f0f00000) (1024K)]
  0x000001dd4037dea0 JavaThread "Notification Thread"        daemon [_thread_blocked, id=11420, stack(0x000000c0f0f00000,0x000000c0f1000000) (1024K)]
  0x000001dd41d30a60 JavaThread "Daemon health stats"               [_thread_blocked, id=9816, stack(0x000000c0f1300000,0x000000c0f1400000) (1024K)]
  0x000001dd40528520 JavaThread "Incoming local TCP Connector on port 57702"        [_thread_in_native, id=7616, stack(0x000000c0f1400000,0x000000c0f1500000) (1024K)]
  0x000001dd408c5630 JavaThread "Daemon periodic checks"            [_thread_blocked, id=12500, stack(0x000000c0f1500000,0x000000c0f1600000) (1024K)]
  0x000001dd410cb760 JavaThread "Daemon"                            [_thread_blocked, id=13636, stack(0x000000c0f1600000,0x000000c0f1700000) (1024K)]
  0x000001dd410cbdc0 JavaThread "Handler for socket connection from /127.0.0.1:57702 to /127.0.0.1:57704"        [_thread_in_native, id=11428, stack(0x000000c0f1700000,0x000000c0f1800000) (1024K)]
  0x000001dd41f655a0 JavaThread "Cancel handler"                    [_thread_blocked, id=11236, stack(0x000000c0f1800000,0x000000c0f1900000) (1024K)]
  0x000001dd41f7e4a0 JavaThread "Daemon worker"                     [_thread_in_native, id=2776, stack(0x000000c0f1900000,0x000000c0f1a00000) (1024K)]
  0x000001dd41f7f5c0 JavaThread "Asynchronous log dispatcher for DefaultDaemonConnection: socket connection from /127.0.0.1:57702 to /127.0.0.1:57704"        [_thread_blocked, id=10604, stack(0x000000c0f1a00000,0x000000c0f1b00000) (1024K)]
  0x000001dd41f7fc20 JavaThread "Stdin handler"                     [_thread_blocked, id=12184, stack(0x000000c0f1b00000,0x000000c0f1c00000) (1024K)]
  0x000001dd41d78ec0 JavaThread "Daemon client event forwarder"        [_thread_blocked, id=2068, stack(0x000000c0f1c00000,0x000000c0f1d00000) (1024K)]
  0x000001dd41dd1240 JavaThread "Cache worker for journal cache (C:\Users\USER\.gradle\caches\journal-1)"        [_thread_in_vm, id=12784, stack(0x000000c0f1d00000,0x000000c0f1e00000) (1024K)]
  0x000001dd41dd0520 JavaThread "File lock request listener"        [_thread_in_native, id=8992, stack(0x000000c0f1e00000,0x000000c0f1f00000) (1024K)]
  0x000001dd41dd0bb0 JavaThread "Cache worker for file hash cache (C:\Users\USER\.gradle\caches\8.11.1\fileHashes)"        [_thread_blocked, id=4952, stack(0x000000c0f1f00000,0x000000c0f2000000) (1024K)]
  0x000001dd41dd18d0 JavaThread "Cache worker for file content cache (C:\Users\USER\.gradle\caches\8.11.1\fileContent)"        [_thread_blocked, id=2100, stack(0x000000c0f2100000,0x000000c0f2200000) (1024K)]
  0x000001dd41dd1f60 JavaThread "Cache worker for file hash cache (C:\Users\USER\OneDrive\Documents\MiCafe\.gradle\8.11.1\fileHashes)"        [_thread_blocked, id=11028, stack(0x000000c0f2200000,0x000000c0f2300000) (1024K)]
  0x000001dd41dcf800 JavaThread "Cache worker for Build Output Cleanup Cache (C:\Users\USER\OneDrive\Documents\MiCafe\.gradle\buildOutputCleanup)"        [_thread_blocked, id=9412, stack(0x000000c0f2300000,0x000000c0f2400000) (1024K)]
  0x000001dd41dceae0 JavaThread "File watcher server"        daemon [_thread_in_native, id=11248, stack(0x000000c0f2400000,0x000000c0f2500000) (1024K)]
  0x000001dd41dcf170 JavaThread "File watcher consumer"      daemon [_thread_blocked, id=10884, stack(0x000000c0f2500000,0x000000c0f2600000) (1024K)]
  0x000001dd41dcfe90 JavaThread "Cache worker for checksums cache (C:\Users\USER\OneDrive\Documents\MiCafe\.gradle\8.11.1\checksums)"        [_thread_blocked, id=4920, stack(0x000000c0f2600000,0x000000c0f2700000) (1024K)]
  0x000001dd407bcbc0 JavaThread "Cache worker for cache directory md-rule (C:\Users\USER\.gradle\caches\8.11.1\md-rule)"        [_thread_blocked, id=5540, stack(0x000000c0f2700000,0x000000c0f2800000) (1024K)]
  0x000001dd407c2110 JavaThread "Cache worker for cache directory md-supplier (C:\Users\USER\.gradle\caches\8.11.1\md-supplier)"        [_thread_blocked, id=268, stack(0x000000c0f2800000,0x000000c0f2900000) (1024K)]
  0x000001dd407c3b50 JavaThread "Unconstrained build operations"        [_thread_blocked, id=4704, stack(0x000000c0f2000000,0x000000c0f2100000) (1024K)]
  0x000001dd407c06d0 JavaThread "Unconstrained build operations Thread 2"        [_thread_blocked, id=6852, stack(0x000000c0f2900000,0x000000c0f2a00000) (1024K)]
  0x000001dd407bec90 JavaThread "Unconstrained build operations Thread 3"        [_thread_blocked, id=7256, stack(0x000000c0f2a00000,0x000000c0f2b00000) (1024K)]
  0x000001dd4b05e000 JavaThread "C2 CompilerThread1"         daemon [_thread_in_native, id=7544, stack(0x000000c0f2b00000,0x000000c0f2c00000) (1024K)]
  0x000001dd407bf320 JavaThread "Unconstrained build operations Thread 4"        [_thread_blocked, id=12940, stack(0x000000c0f2c00000,0x000000c0f2d00000) (1024K)]
  0x000001dd407c27a0 JavaThread "Unconstrained build operations Thread 5"        [_thread_blocked, id=10820, stack(0x000000c0f2d00000,0x000000c0f2e00000) (1024K)]
  0x000001dd407c34c0 JavaThread "Unconstrained build operations Thread 6"        [_thread_blocked, id=8308, stack(0x000000c0f2e00000,0x000000c0f2f00000) (1024K)]
  0x000001dd407c41e0 JavaThread "Unconstrained build operations Thread 7"        [_thread_in_native, id=9196, stack(0x000000c0f2f00000,0x000000c0f3000000) (1024K)]
  0x000001dd407bd250 JavaThread "Unconstrained build operations Thread 8"        [_thread_in_native, id=12648, stack(0x000000c0f3000000,0x000000c0f3100000) (1024K)]
  0x000001dd407bd8e0 JavaThread "Unconstrained build operations Thread 9"        [_thread_blocked, id=9492, stack(0x000000c0f3100000,0x000000c0f3200000) (1024K)]
Total: 42

Other Threads:
  0x000001dd3bc6e830 VMThread "VM Thread"                           [id=2464, stack(0x000000c0f0500000,0x000000c0f0600000) (1024K)]
  0x000001dd3bc5af80 WatcherThread "VM Periodic Task Thread"        [id=1304, stack(0x000000c0f0400000,0x000000c0f0500000) (1024K)]
  0x000001dd22cee000 WorkerThread "GC Thread#0"                     [id=7660, stack(0x000000c0eff00000,0x000000c0f0000000) (1024K)]
  0x000001dd4066ec00 WorkerThread "GC Thread#1"                     [id=2076, stack(0x000000c0f1000000,0x000000c0f1100000) (1024K)]
  0x000001dd4054a5b0 WorkerThread "GC Thread#2"                     [id=10716, stack(0x000000c0f1100000,0x000000c0f1200000) (1024K)]
  0x000001dd4054a950 WorkerThread "GC Thread#3"                     [id=2388, stack(0x000000c0f1200000,0x000000c0f1300000) (1024K)]
  0x000001dd24e54840 ConcurrentGCThread "G1 Main Marker"            [id=13568, stack(0x000000c0f0000000,0x000000c0f0100000) (1024K)]
  0x000001dd24e57a00 WorkerThread "G1 Conc#0"                       [id=6648, stack(0x000000c0f0100000,0x000000c0f0200000) (1024K)]
  0x000001dd24eae610 ConcurrentGCThread "G1 Refine#0"               [id=11528, stack(0x000000c0f0200000,0x000000c0f0300000) (1024K)]
  0x000001dd3bb2f8e0 ConcurrentGCThread "G1 Service"                [id=9888, stack(0x000000c0f0300000,0x000000c0f0400000) (1024K)]
Total: 10

Threads with active compile tasks:
C2 CompilerThread0  36245 7960       4       java.util.stream.ReferencePipeline::collect (124 bytes)
C2 CompilerThread1  36245 7992       4       java.nio.ByteBuffer::<init> (47 bytes)
Total: 2

VM state: not at safepoint (normal execution)

VM Mutex/Monitor currently owned by a thread: None

Heap address: 0x0000000080000000, size: 2048 MB, Compressed Oops mode: 32-bit

CDS archive(s) not mapped
Compressed class space mapped at: 0x0000000100000000-0x0000000140000000, reserved size: 1073741824
Narrow klass base: 0x0000000000000000, Narrow klass shift: 3, Narrow klass range: 0x140000000

GC Precious Log:
 CardTable entry size: 512
 Card Set container configuration: InlinePtr #cards 5 size 8 Array Of Cards #cards 12 size 40 Howl #buckets 4 coarsen threshold 1843 Howl Bitmap #cards 512 size 80 coarsen threshold 460 Card regions per heap region 1 cards per card region 2048
 CPUs: 4 total, 4 available
 Memory: 16239M
 Large Page Support: Disabled
 NUMA Support: Disabled
 Compressed Oops: Enabled (32-bit)
 Heap Region Size: 1M
 Heap Min Capacity: 8M
 Heap Initial Capacity: 254M
 Heap Max Capacity: 2G
 Pre-touch: Disabled
 Parallel Workers: 4
 Concurrent Workers: 1
 Concurrent Refinement Workers: 4
 Periodic GC: Disabled

Heap:
 garbage-first heap   total 82944K, used 49645K [0x0000000080000000, 0x0000000100000000)
  region size 1024K, 6 young (6144K), 3 survivors (3072K)
 Metaspace       used 66881K, committed 68544K, reserved 1114112K
  class space    used 9047K, committed 9856K, reserved 1048576K

Heap Regions: E=young(eden), S=young(survivor), O=old, HS=humongous(starts), HC=humongous(continues), CS=collection set, F=free, TAMS=top-at-mark-start, PB=parsable bottom
|   0|0x0000000080000000, 0x0000000080100000, 0x0000000080100000|100%|HS|  |TAMS 0x0000000080000000| PB 0x0000000080000000| Complete 
|   1|0x0000000080100000, 0x0000000080200000, 0x0000000080200000|100%|HC|  |TAMS 0x0000000080100000| PB 0x0000000080100000| Complete 
|   2|0x0000000080200000, 0x0000000080300000, 0x0000000080300000|100%|HC|  |TAMS 0x0000000080200000| PB 0x0000000080200000| Complete 
|   3|0x0000000080300000, 0x0000000080400000, 0x0000000080400000|100%| O|  |TAMS 0x0000000080300000| PB 0x0000000080300000| Untracked 
|   4|0x0000000080400000, 0x0000000080500000, 0x0000000080500000|100%| O|  |TAMS 0x0000000080400000| PB 0x0000000080400000| Untracked 
|   5|0x0000000080500000, 0x0000000080600000, 0x0000000080600000|100%| O|  |TAMS 0x0000000080500000| PB 0x0000000080500000| Untracked 
|   6|0x0000000080600000, 0x0000000080700000, 0x0000000080700000|100%|HS|  |TAMS 0x0000000080600000| PB 0x0000000080600000| Complete 
|   7|0x0000000080700000, 0x0000000080800000, 0x0000000080800000|100%| O|  |TAMS 0x0000000080700000| PB 0x0000000080700000| Untracked 
|   8|0x0000000080800000, 0x0000000080900000, 0x0000000080900000|100%| O|  |TAMS 0x0000000080800000| PB 0x0000000080800000| Untracked 
|   9|0x0000000080900000, 0x0000000080a00000, 0x0000000080a00000|100%| O|  |TAMS 0x0000000080900000| PB 0x0000000080900000| Untracked 
|  10|0x0000000080a00000, 0x0000000080b00000, 0x0000000080b00000|100%| O|  |TAMS 0x0000000080a00000| PB 0x0000000080a00000| Untracked 
|  11|0x0000000080b00000, 0x0000000080c00000, 0x0000000080c00000|100%| O|  |TAMS 0x0000000080b00000| PB 0x0000000080b00000| Untracked 
|  12|0x0000000080c00000, 0x0000000080d00000, 0x0000000080d00000|100%| O|  |TAMS 0x0000000080c00000| PB 0x0000000080c00000| Untracked 
|  13|0x0000000080d00000, 0x0000000080e00000, 0x0000000080e00000|100%| O|  |TAMS 0x0000000080d00000| PB 0x0000000080d00000| Untracked 
|  14|0x0000000080e00000, 0x0000000080f00000, 0x0000000080f00000|100%| O|  |TAMS 0x0000000080e00000| PB 0x0000000080e00000| Untracked 
|  15|0x0000000080f00000, 0x0000000081000000, 0x0000000081000000|100%| O|  |TAMS 0x0000000080f00000| PB 0x0000000080f00000| Untracked 
|  16|0x0000000081000000, 0x0000000081100000, 0x0000000081100000|100%| O|  |TAMS 0x0000000081000000| PB 0x0000000081000000| Untracked 
|  17|0x0000000081100000, 0x0000000081200000, 0x0000000081200000|100%| O|  |TAMS 0x0000000081100000| PB 0x0000000081100000| Untracked 
|  18|0x0000000081200000, 0x0000000081300000, 0x0000000081300000|100%| O|  |TAMS 0x0000000081200000| PB 0x0000000081200000| Untracked 
|  19|0x0000000081300000, 0x0000000081400000, 0x0000000081400000|100%| O|  |TAMS 0x0000000081300000| PB 0x0000000081300000| Untracked 
|  20|0x0000000081400000, 0x0000000081500000, 0x0000000081500000|100%| O|  |TAMS 0x0000000081400000| PB 0x0000000081400000| Untracked 
|  21|0x0000000081500000, 0x0000000081600000, 0x0000000081600000|100%| O|  |TAMS 0x0000000081500000| PB 0x0000000081500000| Untracked 
|  22|0x0000000081600000, 0x0000000081700000, 0x0000000081700000|100%| O|  |TAMS 0x0000000081600000| PB 0x0000000081600000| Untracked 
|  23|0x0000000081700000, 0x0000000081800000, 0x0000000081800000|100%| O|  |TAMS 0x0000000081700000| PB 0x0000000081700000| Untracked 
|  24|0x0000000081800000, 0x0000000081900000, 0x0000000081900000|100%| O|  |TAMS 0x0000000081800000| PB 0x0000000081800000| Untracked 
|  25|0x0000000081900000, 0x0000000081a00000, 0x0000000081a00000|100%| O|  |TAMS 0x0000000081900000| PB 0x0000000081900000| Untracked 
|  26|0x0000000081a00000, 0x0000000081b00000, 0x0000000081b00000|100%| O|  |TAMS 0x0000000081a00000| PB 0x0000000081a00000| Untracked 
|  27|0x0000000081b00000, 0x0000000081c00000, 0x0000000081c00000|100%| O|  |TAMS 0x0000000081b00000| PB 0x0000000081b00000| Untracked 
|  28|0x0000000081c00000, 0x0000000081d00000, 0x0000000081d00000|100%| O|  |TAMS 0x0000000081c00000| PB 0x0000000081c00000| Untracked 
|  29|0x0000000081d00000, 0x0000000081d00000, 0x0000000081e00000|  0%| F|  |TAMS 0x0000000081d00000| PB 0x0000000081d00000| Untracked 
|  30|0x0000000081e00000, 0x0000000081f00000, 0x0000000081f00000|100%| O|  |TAMS 0x0000000081e00000| PB 0x0000000081e00000| Untracked 
|  31|0x0000000081f00000, 0x0000000082000000, 0x0000000082000000|100%| O|  |TAMS 0x0000000081f00000| PB 0x0000000081f00000| Untracked 
|  32|0x0000000082000000, 0x0000000082100000, 0x0000000082100000|100%| O|  |TAMS 0x0000000082000000| PB 0x0000000082000000| Untracked 
|  33|0x0000000082100000, 0x0000000082200000, 0x0000000082200000|100%| O|  |TAMS 0x0000000082100000| PB 0x0000000082100000| Untracked 
|  34|0x0000000082200000, 0x0000000082300000, 0x0000000082300000|100%| O|  |TAMS 0x0000000082200000| PB 0x0000000082200000| Untracked 
|  35|0x0000000082300000, 0x0000000082300000, 0x0000000082400000|  0%| F|  |TAMS 0x0000000082300000| PB 0x0000000082300000| Untracked 
|  36|0x0000000082400000, 0x0000000082500000, 0x0000000082500000|100%| O|  |TAMS 0x0000000082400000| PB 0x0000000082400000| Untracked 
|  37|0x0000000082500000, 0x0000000082600000, 0x0000000082600000|100%| O|  |TAMS 0x0000000082500000| PB 0x0000000082500000| Untracked 
|  38|0x0000000082600000, 0x0000000082700000, 0x0000000082700000|100%| O|  |TAMS 0x0000000082600000| PB 0x0000000082600000| Untracked 
|  39|0x0000000082700000, 0x0000000082800000, 0x0000000082800000|100%| O|  |TAMS 0x0000000082700000| PB 0x0000000082700000| Untracked 
|  40|0x0000000082800000, 0x0000000082900000, 0x0000000082900000|100%| O|  |TAMS 0x0000000082800000| PB 0x0000000082800000| Untracked 
|  41|0x0000000082900000, 0x0000000082a00000, 0x0000000082a00000|100%| O|  |TAMS 0x0000000082900000| PB 0x0000000082900000| Untracked 
|  42|0x0000000082a00000, 0x0000000082b00000, 0x0000000082b00000|100%| O|  |TAMS 0x0000000082a00000| PB 0x0000000082a00000| Untracked 
|  43|0x0000000082b00000, 0x0000000082c00000, 0x0000000082c00000|100%| O|  |TAMS 0x0000000082b00000| PB 0x0000000082b00000| Untracked 
|  44|0x0000000082c00000, 0x0000000082d00000, 0x0000000082d00000|100%| O|  |TAMS 0x0000000082c00000| PB 0x0000000082c00000| Untracked 
|  45|0x0000000082d00000, 0x0000000082d7b638, 0x0000000082e00000| 48%| O|  |TAMS 0x0000000082d00000| PB 0x0000000082d00000| Untracked 
|  46|0x0000000082e00000, 0x0000000082f00000, 0x0000000082f00000|100%| O|  |TAMS 0x0000000082e00000| PB 0x0000000082e00000| Untracked 
|  47|0x0000000082f00000, 0x0000000082f00000, 0x0000000083000000|  0%| F|  |TAMS 0x0000000082f00000| PB 0x0000000082f00000| Untracked 
|  48|0x0000000083000000, 0x0000000083000000, 0x0000000083100000|  0%| F|  |TAMS 0x0000000083000000| PB 0x0000000083000000| Untracked 
|  49|0x0000000083100000, 0x0000000083100000, 0x0000000083200000|  0%| F|  |TAMS 0x0000000083100000| PB 0x0000000083100000| Untracked 
|  50|0x0000000083200000, 0x0000000083200000, 0x0000000083300000|  0%| F|  |TAMS 0x0000000083200000| PB 0x0000000083200000| Untracked 
|  51|0x0000000083300000, 0x0000000083300000, 0x0000000083400000|  0%| F|  |TAMS 0x0000000083300000| PB 0x0000000083300000| Untracked 
|  52|0x0000000083400000, 0x0000000083500000, 0x0000000083500000|100%| S|CS|TAMS 0x0000000083400000| PB 0x0000000083400000| Complete 
|  53|0x0000000083500000, 0x0000000083500000, 0x0000000083600000|  0%| F|  |TAMS 0x0000000083500000| PB 0x0000000083500000| Untracked 
|  54|0x0000000083600000, 0x0000000083600000, 0x0000000083700000|  0%| F|  |TAMS 0x0000000083600000| PB 0x0000000083600000| Untracked 
|  55|0x0000000083700000, 0x0000000083700000, 0x0000000083800000|  0%| F|  |TAMS 0x0000000083700000| PB 0x0000000083700000| Untracked 
|  56|0x0000000083800000, 0x0000000083900000, 0x0000000083900000|100%| S|CS|TAMS 0x0000000083800000| PB 0x0000000083800000| Complete 
|  57|0x0000000083900000, 0x0000000083a00000, 0x0000000083a00000|100%| S|CS|TAMS 0x0000000083900000| PB 0x0000000083900000| Complete 
|  58|0x0000000083a00000, 0x0000000083a00000, 0x0000000083b00000|  0%| F|  |TAMS 0x0000000083a00000| PB 0x0000000083a00000| Untracked 
|  59|0x0000000083b00000, 0x0000000083b00000, 0x0000000083c00000|  0%| F|  |TAMS 0x0000000083b00000| PB 0x0000000083b00000| Untracked 
|  60|0x0000000083c00000, 0x0000000083c00000, 0x0000000083d00000|  0%| F|  |TAMS 0x0000000083c00000| PB 0x0000000083c00000| Untracked 
|  61|0x0000000083d00000, 0x0000000083d00000, 0x0000000083e00000|  0%| F|  |TAMS 0x0000000083d00000| PB 0x0000000083d00000| Untracked 
|  62|0x0000000083e00000, 0x0000000083e00000, 0x0000000083f00000|  0%| F|  |TAMS 0x0000000083e00000| PB 0x0000000083e00000| Untracked 
|  63|0x0000000083f00000, 0x0000000083f00000, 0x0000000084000000|  0%| F|  |TAMS 0x0000000083f00000| PB 0x0000000083f00000| Untracked 
|  64|0x0000000084000000, 0x0000000084000000, 0x0000000084100000|  0%| F|  |TAMS 0x0000000084000000| PB 0x0000000084000000| Untracked 
|  65|0x0000000084100000, 0x0000000084100000, 0x0000000084200000|  0%| F|  |TAMS 0x0000000084100000| PB 0x0000000084100000| Untracked 
| 148|0x0000000089400000, 0x0000000089400000, 0x0000000089500000|  0%| F|  |TAMS 0x0000000089400000| PB 0x0000000089400000| Untracked 
| 149|0x0000000089500000, 0x0000000089500000, 0x0000000089600000|  0%| F|  |TAMS 0x0000000089500000| PB 0x0000000089500000| Untracked 
| 150|0x0000000089600000, 0x0000000089600000, 0x0000000089700000|  0%| F|  |TAMS 0x0000000089600000| PB 0x0000000089600000| Untracked 
| 151|0x0000000089700000, 0x0000000089700000, 0x0000000089800000|  0%| F|  |TAMS 0x0000000089700000| PB 0x0000000089700000| Untracked 
| 152|0x0000000089800000, 0x0000000089800000, 0x0000000089900000|  0%| F|  |TAMS 0x0000000089800000| PB 0x0000000089800000| Untracked 
| 153|0x0000000089900000, 0x0000000089900000, 0x0000000089a00000|  0%| F|  |TAMS 0x0000000089900000| PB 0x0000000089900000| Untracked 
| 154|0x0000000089a00000, 0x0000000089a00000, 0x0000000089b00000|  0%| F|  |TAMS 0x0000000089a00000| PB 0x0000000089a00000| Untracked 
| 155|0x0000000089b00000, 0x0000000089b00000, 0x0000000089c00000|  0%| F|  |TAMS 0x0000000089b00000| PB 0x0000000089b00000| Untracked 
| 156|0x0000000089c00000, 0x0000000089c00000, 0x0000000089d00000|  0%| F|  |TAMS 0x0000000089c00000| PB 0x0000000089c00000| Untracked 
| 157|0x0000000089d00000, 0x0000000089d00000, 0x0000000089e00000|  0%| F|  |TAMS 0x0000000089d00000| PB 0x0000000089d00000| Untracked 
| 158|0x0000000089e00000, 0x0000000089e00000, 0x0000000089f00000|  0%| F|  |TAMS 0x0000000089e00000| PB 0x0000000089e00000| Untracked 
| 159|0x0000000089f00000, 0x0000000089f00000, 0x000000008a000000|  0%| F|  |TAMS 0x0000000089f00000| PB 0x0000000089f00000| Untracked 
| 160|0x000000008a000000, 0x000000008a0fed28, 0x000000008a100000| 99%| E|  |TAMS 0x000000008a000000| PB 0x000000008a000000| Complete 
| 252|0x000000008fc00000, 0x000000008fd00000, 0x000000008fd00000|100%| E|  |TAMS 0x000000008fc00000| PB 0x000000008fc00000| Complete 
| 253|0x000000008fd00000, 0x000000008fe00000, 0x000000008fe00000|100%| E|CS|TAMS 0x000000008fd00000| PB 0x000000008fd00000| Complete 

Card table byte_map: [0x000001dd37340000,0x000001dd37740000] _byte_map_base: 0x000001dd36f40000

Marking Bits: (CMBitMap*) 0x000001dd22cee700
 Bits: [0x000001dd37740000, 0x000001dd39740000)

Polling page: 0x000001dd22bd0000

Metaspace:

Usage:
  Non-class:     56.48 MB used.
      Class:      8.84 MB used.
       Both:     65.31 MB used.

Virtual space:
  Non-class space:       64.00 MB reserved,      57.31 MB ( 90%) committed,  1 nodes.
      Class space:        1.00 GB reserved,       9.62 MB ( <1%) committed,  1 nodes.
             Both:        1.06 GB reserved,      66.94 MB (  6%) committed. 

Chunk freelists:
   Non-Class:  6.47 MB
       Class:  6.25 MB
        Both:  12.72 MB

MaxMetaspaceSize: unlimited
CompressedClassSpaceSize: 1.00 GB
Initial GC threshold: 21.00 MB
Current GC threshold: 110.88 MB
CDS: off
 - commit_granule_bytes: 65536.
 - commit_granule_words: 8192.
 - virtual_space_node_default_size: 8388608.
 - enlarge_chunks_in_place: 1.
 - use_allocation_guard: 0.


Internal statistics:

num_allocs_failed_limit: 9.
num_arena_births: 3088.
num_arena_deaths: 0.
num_vsnodes_births: 2.
num_vsnodes_deaths: 0.
num_space_committed: 1071.
num_space_uncommitted: 0.
num_chunks_returned_to_freelist: 9.
num_chunks_taken_from_freelist: 5800.
num_chunk_merges: 9.
num_chunk_splits: 3766.
num_chunks_enlarged: 2323.
num_inconsistent_stats: 0.

CodeHeap 'non-profiled nmethods': size=120000Kb used=3774Kb max_used=3873Kb free=116225Kb
 bounds [0x000001dd2fa10000, 0x000001dd2fde0000, 0x000001dd36f40000]
CodeHeap 'profiled nmethods': size=120000Kb used=13335Kb max_used=13335Kb free=106664Kb
 bounds [0x000001dd27f40000, 0x000001dd28c50000, 0x000001dd2f470000]
CodeHeap 'non-nmethods': size=5760Kb used=1984Kb max_used=2079Kb free=3775Kb
 bounds [0x000001dd2f470000, 0x000001dd2f6e0000, 0x000001dd2fa10000]
 total_blobs=7881 nmethods=7122 adapters=663
 compilation: enabled
              stopped_count=0, restarted_count=0
 full_count=0

Compilation events (20 events):
Event: 35.878 Thread 0x000001dd400d46f0 nmethod 7955 0x000001dd28c39590 code [0x000001dd28c39780, 0x000001dd28c39ba0]
Event: 35.878 Thread 0x000001dd400d46f0 7956       3       org.gradle.api.internal.artifacts.transform.TransformExecutionResult$Builder$ProducedOutputOnlyResult$$Lambda/0x00000001009be938::apply (12 bytes)
Event: 35.879 Thread 0x000001dd400d46f0 nmethod 7956 0x000001dd28c39d10 code [0x000001dd28c39ee0, 0x000001dd28c3a240]
Event: 35.879 Thread 0x000001dd400d46f0 7957       3       org.gradle.api.internal.artifacts.transform.TransformExecutionResult$Builder$ProducedOutputOnlyResult::lambda$resolveForWorkspace$0 (6 bytes)
Event: 35.879 Thread 0x000001dd400d46f0 nmethod 7957 0x000001dd28c3a390 code [0x000001dd28c3a540, 0x000001dd28c3a740]
Event: 35.890 Thread 0x000001dd4b05e000 7958   !   4       com.google.common.cache.LocalCache$Segment::runLockedCleanup (39 bytes)
Event: 35.890 Thread 0x000001dd400d3450 7959       4       com.google.common.cache.LocalCache$Segment::expireEntries (113 bytes)
Event: 35.894 Thread 0x000001dd400d3450 nmethod 7959 0x000001dd2fa6e610 code [0x000001dd2fa6e7e0, 0x000001dd2fa6ea70]
Event: 35.894 Thread 0x000001dd400d3450 7960       4       java.util.stream.ReferencePipeline::collect (124 bytes)
Event: 35.907 Thread 0x000001dd4b05e000 nmethod 7958 0x000001dd2fa6d610 code [0x000001dd2fa6d860, 0x000001dd2fa6df68]
Event: 35.907 Thread 0x000001dd4b05e000 7961       4       org.gradle.internal.io.StreamByteBuffer::prepareRead (102 bytes)
Event: 35.911 Thread 0x000001dd4b05e000 nmethod 7961 0x000001dd2fa81c10 code [0x000001dd2fa81da0, 0x000001dd2fa81fb0]
Event: 35.911 Thread 0x000001dd4b05e000 7962       4       java.util.stream.ReferencePipeline$3::opWrapSink (10 bytes)
Event: 35.914 Thread 0x000001dd4b05e000 nmethod 7962 0x000001dd2fa81710 code [0x000001dd2fa818a0, 0x000001dd2fa81aa0]
Event: 35.922 Thread 0x000001dd4b05e000 7963       4       java.util.concurrent.ConcurrentHashMap::get (162 bytes)
Event: 35.930 Thread 0x000001dd4b05e000 nmethod 7963 0x000001dd2fa80f10 code [0x000001dd2fa810e0, 0x000001dd2fa81468]
Event: 35.930 Thread 0x000001dd4b05e000 7964   !   4       java.io.WinNTFileSystem::resolve (362 bytes)
Event: 35.951 Thread 0x000001dd4b05e000 nmethod 7964 0x000001dd2fa7fa90 code [0x000001dd2fa7fce0, 0x000001dd2fa80980]
Event: 35.968 Thread 0x000001dd400d46f0 7965       3       org.gradle.api.internal.artifacts.transform.TransformStepSubject::createSubjectFromResult (10 bytes)
Event: 35.972 Thread 0x000001dd4b05e000 7967       4       sun.nio.fs.NativeBuffers::getNativeBufferFromCache (51 bytes)

GC Heap History (20 events):
Event: 12.247 GC heap before
{Heap before GC invocations=9 (full 0):
 garbage-first heap   total 68608K, used 58280K [0x0000000080000000, 0x0000000100000000)
  region size 1024K, 34 young (34816K), 3 survivors (3072K)
 Metaspace       used 39398K, committed 40640K, reserved 1114112K
  class space    used 5393K, committed 6016K, reserved 1048576K
}
Event: 12.255 GC heap after
{Heap after GC invocations=10 (full 0):
 garbage-first heap   total 82944K, used 28098K [0x0000000080000000, 0x0000000100000000)
  region size 1024K, 4 young (4096K), 4 survivors (4096K)
 Metaspace       used 39398K, committed 40640K, reserved 1114112K
  class space    used 5393K, committed 6016K, reserved 1048576K
}
Event: 14.680 GC heap before
{Heap before GC invocations=10 (full 0):
 garbage-first heap   total 82944K, used 70082K [0x0000000080000000, 0x0000000100000000)
  region size 1024K, 46 young (47104K), 4 survivors (4096K)
 Metaspace       used 45732K, committed 46912K, reserved 1114112K
  class space    used 6068K, committed 6656K, reserved 1048576K
}
Event: 14.694 GC heap after
{Heap after GC invocations=11 (full 0):
 garbage-first heap   total 82944K, used 32264K [0x0000000080000000, 0x0000000100000000)
  region size 1024K, 6 young (6144K), 6 survivors (6144K)
 Metaspace       used 45732K, committed 46912K, reserved 1114112K
  class space    used 6068K, committed 6656K, reserved 1048576K
}
Event: 16.466 GC heap before
{Heap before GC invocations=11 (full 0):
 garbage-first heap   total 82944K, used 71176K [0x0000000080000000, 0x0000000100000000)
  region size 1024K, 44 young (45056K), 6 survivors (6144K)
 Metaspace       used 47709K, committed 49088K, reserved 1114112K
  class space    used 6373K, committed 7040K, reserved 1048576K
}
Event: 16.479 GC heap after
{Heap after GC invocations=12 (full 0):
 garbage-first heap   total 82944K, used 34768K [0x0000000080000000, 0x0000000100000000)
  region size 1024K, 3 young (3072K), 3 survivors (3072K)
 Metaspace       used 47709K, committed 49088K, reserved 1114112K
  class space    used 6373K, committed 7040K, reserved 1048576K
}
Event: 21.203 GC heap before
{Heap before GC invocations=12 (full 0):
 garbage-first heap   total 82944K, used 70608K [0x0000000080000000, 0x0000000100000000)
  region size 1024K, 39 young (39936K), 3 survivors (3072K)
 Metaspace       used 52433K, committed 53952K, reserved 1114112K
  class space    used 7145K, committed 7872K, reserved 1048576K
}
Event: 21.211 GC heap after
{Heap after GC invocations=13 (full 0):
 garbage-first heap   total 82944K, used 37260K [0x0000000080000000, 0x0000000100000000)
  region size 1024K, 5 young (5120K), 5 survivors (5120K)
 Metaspace       used 52433K, committed 53952K, reserved 1114112K
  class space    used 7145K, committed 7872K, reserved 1048576K
}
Event: 26.093 GC heap before
{Heap before GC invocations=13 (full 0):
 garbage-first heap   total 82944K, used 74124K [0x0000000080000000, 0x0000000100000000)
  region size 1024K, 39 young (39936K), 5 survivors (5120K)
 Metaspace       used 57760K, committed 59328K, reserved 1114112K
  class space    used 7777K, committed 8512K, reserved 1048576K
}
Event: 26.103 GC heap after
{Heap after GC invocations=14 (full 0):
 garbage-first heap   total 82944K, used 38091K [0x0000000080000000, 0x0000000100000000)
  region size 1024K, 4 young (4096K), 4 survivors (4096K)
 Metaspace       used 57760K, committed 59328K, reserved 1114112K
  class space    used 7777K, committed 8512K, reserved 1048576K
}
Event: 26.909 GC heap before
{Heap before GC invocations=14 (full 0):
 garbage-first heap   total 82944K, used 45259K [0x0000000080000000, 0x0000000100000000)
  region size 1024K, 12 young (12288K), 4 survivors (4096K)
 Metaspace       used 59004K, committed 60480K, reserved 1114112K
  class space    used 7954K, committed 8704K, reserved 1048576K
}
Event: 26.916 GC heap after
{Heap after GC invocations=15 (full 0):
 garbage-first heap   total 82944K, used 38780K [0x0000000080000000, 0x0000000100000000)
  region size 1024K, 2 young (2048K), 2 survivors (2048K)
 Metaspace       used 59004K, committed 60480K, reserved 1114112K
  class space    used 7954K, committed 8704K, reserved 1048576K
}
Event: 30.850 GC heap before
{Heap before GC invocations=16 (full 0):
 garbage-first heap   total 82944K, used 75644K [0x0000000080000000, 0x0000000100000000)
  region size 1024K, 38 young (38912K), 2 survivors (2048K)
 Metaspace       used 63569K, committed 65280K, reserved 1114112K
  class space    used 8694K, committed 9536K, reserved 1048576K
}
Event: 30.857 GC heap after
{Heap after GC invocations=17 (full 0):
 garbage-first heap   total 82944K, used 41170K [0x0000000080000000, 0x0000000100000000)
  region size 1024K, 5 young (5120K), 5 survivors (5120K)
 Metaspace       used 63569K, committed 65280K, reserved 1114112K
  class space    used 8694K, committed 9536K, reserved 1048576K
}
Event: 33.306 GC heap before
{Heap before GC invocations=17 (full 0):
 garbage-first heap   total 82944K, used 71890K [0x0000000080000000, 0x0000000100000000)
  region size 1024K, 35 young (35840K), 5 survivors (5120K)
 Metaspace       used 65986K, committed 67648K, reserved 1114112K
  class space    used 8993K, committed 9792K, reserved 1048576K
}
Event: 33.322 GC heap after
{Heap after GC invocations=18 (full 0):
 garbage-first heap   total 82944K, used 43877K [0x0000000080000000, 0x0000000100000000)
  region size 1024K, 5 young (5120K), 5 survivors (5120K)
 Metaspace       used 65986K, committed 67648K, reserved 1114112K
  class space    used 8993K, committed 9792K, reserved 1048576K
}
Event: 34.354 GC heap before
{Heap before GC invocations=18 (full 0):
 garbage-first heap   total 82944K, used 71525K [0x0000000080000000, 0x0000000100000000)
  region size 1024K, 33 young (33792K), 5 survivors (5120K)
 Metaspace       used 66458K, committed 68096K, reserved 1114112K
  class space    used 9019K, committed 9856K, reserved 1048576K
}
Event: 34.367 GC heap after
{Heap after GC invocations=19 (full 0):
 garbage-first heap   total 82944K, used 48128K [0x0000000080000000, 0x0000000100000000)
  region size 1024K, 4 young (4096K), 4 survivors (4096K)
 Metaspace       used 66458K, committed 68096K, reserved 1114112K
  class space    used 9019K, committed 9856K, reserved 1048576K
}
Event: 35.517 GC heap before
{Heap before GC invocations=20 (full 0):
 garbage-first heap   total 82944K, used 72704K [0x0000000080000000, 0x0000000100000000)
  region size 1024K, 29 young (29696K), 4 survivors (4096K)
 Metaspace       used 66813K, committed 68480K, reserved 1114112K
  class space    used 9047K, committed 9856K, reserved 1048576K
}
Event: 35.526 GC heap after
{Heap after GC invocations=21 (full 0):
 garbage-first heap   total 82944K, used 48556K [0x0000000080000000, 0x0000000100000000)
  region size 1024K, 4 young (4096K), 4 survivors (4096K)
 Metaspace       used 66813K, committed 68480K, reserved 1114112K
  class space    used 9047K, committed 9856K, reserved 1048576K
}

Dll operation events (3 events):
Event: 0.018 Loaded shared library C:\Program Files\Android\Android Studio\jbr\bin\java.dll
Event: 0.035 Loaded shared library C:\Program Files\Android\Android Studio\jbr\bin\zip.dll
Event: 1.701 Loaded shared library C:\Program Files\Android\Android Studio\jbr\bin\verify.dll

Deoptimization events (20 events):
Event: 35.124 Thread 0x000001dd41f7e4a0 Uncommon trap: trap_request=0xffffffd6 fr.pc=0x000001dd2fc234e4 relative=0x0000000000000384
Event: 35.124 Thread 0x000001dd41f7e4a0 Uncommon trap: reason=array_check action=maybe_recompile pc=0x000001dd2fc234e4 method=com.google.common.collect.ImmutableMap$Builder.put(Ljava/lang/Object;Ljava/lang/Object;)Lcom/google/common/collect/ImmutableMap$Builder; @ 32 c2
Event: 35.124 Thread 0x000001dd41f7e4a0 DEOPT PACKING pc=0x000001dd2fc234e4 sp=0x000000c0f19f65a0
Event: 35.124 Thread 0x000001dd41f7e4a0 DEOPT UNPACKING pc=0x000001dd2f4c46a2 sp=0x000000c0f19f6550 mode 2
Event: 35.124 Thread 0x000001dd41f7e4a0 Uncommon trap: trap_request=0xffffffd6 fr.pc=0x000001dd2fc234e4 relative=0x0000000000000384
Event: 35.124 Thread 0x000001dd41f7e4a0 Uncommon trap: reason=array_check action=maybe_recompile pc=0x000001dd2fc234e4 method=com.google.common.collect.ImmutableMap$Builder.put(Ljava/lang/Object;Ljava/lang/Object;)Lcom/google/common/collect/ImmutableMap$Builder; @ 32 c2
Event: 35.124 Thread 0x000001dd41f7e4a0 DEOPT PACKING pc=0x000001dd2fc234e4 sp=0x000000c0f19f65a0
Event: 35.124 Thread 0x000001dd41f7e4a0 DEOPT UNPACKING pc=0x000001dd2f4c46a2 sp=0x000000c0f19f6550 mode 2
Event: 35.124 Thread 0x000001dd41f7e4a0 Uncommon trap: trap_request=0xffffffd6 fr.pc=0x000001dd2fc234e4 relative=0x0000000000000384
Event: 35.124 Thread 0x000001dd41f7e4a0 Uncommon trap: reason=array_check action=maybe_recompile pc=0x000001dd2fc234e4 method=com.google.common.collect.ImmutableMap$Builder.put(Ljava/lang/Object;Ljava/lang/Object;)Lcom/google/common/collect/ImmutableMap$Builder; @ 32 c2
Event: 35.124 Thread 0x000001dd41f7e4a0 DEOPT PACKING pc=0x000001dd2fc234e4 sp=0x000000c0f19f6640
Event: 35.124 Thread 0x000001dd41f7e4a0 DEOPT UNPACKING pc=0x000001dd2f4c46a2 sp=0x000000c0f19f65f0 mode 2
Event: 35.124 Thread 0x000001dd41f7e4a0 Uncommon trap: trap_request=0xffffffd6 fr.pc=0x000001dd2fc234e4 relative=0x0000000000000384
Event: 35.124 Thread 0x000001dd41f7e4a0 Uncommon trap: reason=array_check action=maybe_recompile pc=0x000001dd2fc234e4 method=com.google.common.collect.ImmutableMap$Builder.put(Ljava/lang/Object;Ljava/lang/Object;)Lcom/google/common/collect/ImmutableMap$Builder; @ 32 c2
Event: 35.124 Thread 0x000001dd41f7e4a0 DEOPT PACKING pc=0x000001dd2fc234e4 sp=0x000000c0f19f6640
Event: 35.124 Thread 0x000001dd41f7e4a0 DEOPT UNPACKING pc=0x000001dd2f4c46a2 sp=0x000000c0f19f65f0 mode 2
Event: 35.784 Thread 0x000001dd407bd250 Uncommon trap: trap_request=0xfffffff4 fr.pc=0x000001dd2fae6bb8 relative=0x0000000000000118
Event: 35.784 Thread 0x000001dd407bd250 Uncommon trap: reason=null_check action=make_not_entrant pc=0x000001dd2fae6bb8 method=org.gradle.tooling.internal.provider.runner.ClientBuildEventGenerator$Enabled.accept(Lorg/gradle/internal/operations/BuildOperationDescriptor;)Lorg/gradle/tooling/intern
Event: 35.784 Thread 0x000001dd407bd250 DEOPT PACKING pc=0x000001dd2fae6bb8 sp=0x000000c0f30fe780
Event: 35.784 Thread 0x000001dd407bd250 DEOPT UNPACKING pc=0x000001dd2f4c46a2 sp=0x000000c0f30fe708 mode 2

Classes loaded (20 events):
Event: 30.976 Loading class jdk/internal/access/JavaObjectInputFilterAccess
Event: 30.976 Loading class jdk/internal/access/JavaObjectInputFilterAccess done
Event: 30.976 Loading class java/lang/System$Logger$Level
Event: 30.976 Loading class java/lang/System$Logger$Level done
Event: 31.040 Loading class jdk/internal/event/DeserializationEvent
Event: 31.041 Loading class jdk/internal/event/DeserializationEvent done
Event: 31.041 Loading class java/io/ObjectInputStream$FieldValues
Event: 31.041 Loading class java/io/ObjectInputStream$GetField
Event: 31.041 Loading class java/io/ObjectInputStream$GetField done
Event: 31.042 Loading class java/io/ObjectInputStream$FieldValues done
Event: 31.089 Loading class sun/reflect/ReflectionFactory
Event: 31.089 Loading class sun/reflect/ReflectionFactory done
Event: 31.089 Loading class sun/reflect/ReflectionFactory$1
Event: 31.089 Loading class sun/reflect/ReflectionFactory$1 done
Event: 32.619 Loading class java/util/Collections$ReverseComparator
Event: 32.620 Loading class java/util/Collections$ReverseComparator done
Event: 32.620 Loading class java/util/Collections$ReverseComparator2
Event: 32.620 Loading class java/util/Collections$ReverseComparator2 done
Event: 34.759 Loading class java/lang/foreign/MemorySegment
Event: 34.760 Loading class java/lang/foreign/MemorySegment done

Classes unloaded (0 events):
No events

Classes redefined (0 events):
No events

Internal exceptions (20 events):
Event: 29.876 Thread 0x000001dd41f7e4a0 Implicit null exception at 0x000001dd2fcb5ccc to 0x000001dd2fcb6018
Event: 30.090 Thread 0x000001dd41f7e4a0 Exception <a 'java/lang/NoSuchMethodError'{0x000000008343c238}: 'java.lang.Object java.lang.invoke.DirectMethodHandle$Holder.invokeInterface(java.lang.Object, java.lang.Object, int)'> (0x000000008343c238) 
thrown [s\src\hotspot\share\interpreter\linkResolver.cpp, line 784]
Event: 30.497 Thread 0x000001dd41f7e4a0 Exception <a 'java/lang/NoSuchMethodError'{0x00000000830b5a68}: 'java.lang.Object java.lang.invoke.DirectMethodHandle$Holder.invokeVirtual(java.lang.Object, java.lang.Object, java.lang.Object, java.lang.Object, java.lang.Object, java.lang.Object, java.lang.Object, java.lang.Object, java.lang.Object, java.lang.Object, java.lang.Object, java.lang.Object, java.lang.Object, java.lang.Object, java.lang.Object, java.lang.Object, java.lang.Object)'> (0x00000000830b5a68) 
thrown [s\src\hotspot\share\interpreter\li
Event: 30.507 Thread 0x000001dd41f7e4a0 Exception <a 'java/lang/NoSuchMethodError'{0x00000000830bba70}: 'java.lang.Object java.lang.invoke.DirectMethodHandle$Holder.invokeSpecial(java.lang.Object, java.lang.Object, java.lang.Object, java.lang.Object, java.lang.Object, java.lang.Object, java.lang.Object, java.lang.Object, java.lang.Object, java.lang.Object, java.lang.Object, java.lang.Object, java.lang.Object, java.lang.Object, java.lang.Object, java.lang.Object, java.lang.Object, java.lang.Object)'> (0x00000000830bba70) 
thrown [s\src\hotspot\sh
Event: 30.507 Thread 0x000001dd41f7e4a0 Exception <a 'java/lang/NoSuchMethodError'{0x00000000830c0fc8}: 'java.lang.Object java.lang.invoke.DelegatingMethodHandle$Holder.reinvoke_L(java.lang.Object, java.lang.Object, java.lang.Object, java.lang.Object, java.lang.Object, java.lang.Object, java.lang.Object, java.lang.Object, java.lang.Object, java.lang.Object, java.lang.Object, java.lang.Object, java.lang.Object, java.lang.Object, java.lang.Object, java.lang.Object, java.lang.Object)'> (0x00000000830c0fc8) 
thrown [s\src\hotspot\share\interpreter\l
Event: 30.822 Thread 0x000001dd41f7e4a0 Exception <a 'java/lang/NoSuchMethodError'{0x0000000082cfef68}: static Lorg/gradle/api/internal/catalog/DefaultVersionCatalog;.<clinit>()V> (0x0000000082cfef68) 
thrown [s\src\hotspot\share\prims\jni.cpp, line 1139]
Event: 30.833 Thread 0x000001dd41f7e4a0 Exception <a 'java/lang/NoSuchMethodError'{0x0000000082b502c0}: static [Ljava/lang/Object;.<clinit>()V> (0x0000000082b502c0) 
thrown [s\src\hotspot\share\prims\jni.cpp, line 1139]
Event: 30.836 Thread 0x000001dd41f7e4a0 Exception <a 'java/lang/NoSuchMethodError'{0x0000000082b776f8}: static Lorg/gradle/api/internal/catalog/DependencyModel;.<clinit>()V> (0x0000000082b776f8) 
thrown [s\src\hotspot\share\prims\jni.cpp, line 1139]
Event: 30.836 Thread 0x000001dd41f7e4a0 Exception <a 'java/lang/NoSuchMethodError'{0x0000000082b7b418}: static Lorg/gradle/api/internal/catalog/AbstractContextAwareModel;.<clinit>()V> (0x0000000082b7b418) 
thrown [s\src\hotspot\share\prims\jni.cpp, line 1139]
Event: 30.838 Thread 0x000001dd41f7e4a0 Exception <a 'java/lang/NoSuchMethodError'{0x0000000082b94f00}: static Lorg/gradle/api/internal/artifacts/dependencies/AbstractVersionConstraint;.<clinit>()V> (0x0000000082b94f00) 
thrown [s\src\hotspot\share\prims\jni.cpp, line 1139]
Event: 30.848 Thread 0x000001dd41f7e4a0 Exception <a 'java/lang/NoSuchMethodError'{0x0000000082bf46f8}: static Lorg/gradle/api/internal/catalog/PluginModel;.<clinit>()V> (0x0000000082bf46f8) 
thrown [s\src\hotspot\share\prims\jni.cpp, line 1139]
Event: 30.912 Thread 0x000001dd41f7e4a0 Exception <a 'java/lang/NoSuchMethodError'{0x000000008fd0bca0}: static Lorg/gradle/api/internal/catalog/VersionModel;.<clinit>()V> (0x000000008fd0bca0) 
thrown [s\src\hotspot\share\prims\jni.cpp, line 1139]
Event: 30.963 Thread 0x000001dd41f7e4a0 Exception <a 'java/lang/NoSuchMethodError'{0x000000008fd2dd20}: 'void java.lang.invoke.DirectMethodHandle$Holder.invokeSpecial(java.lang.Object, java.lang.Object, java.lang.Object, int)'> (0x000000008fd2dd20) 
thrown [s\src\hotspot\share\interpreter\linkResolver.cpp, line 784]
Event: 31.473 Thread 0x000001dd41f7e4a0 Exception <a 'java/lang/NoSuchMethodError'{0x0000000089e51600}: 'int java.lang.invoke.DirectMethodHandle$Holder.invokeSpecialIFC(java.lang.Object, java.lang.Object, java.lang.Object)'> (0x0000000089e51600) 
thrown [s\src\hotspot\share\interpreter\linkResolver.cpp, line 784]
Event: 31.707 Thread 0x000001dd41f7e4a0 Exception <a 'java/lang/NoSuchMethodError'{0x0000000089be5670}: 'java.lang.Object java.lang.invoke.DirectMethodHandle$Holder.invokeSpecial(java.lang.Object, java.lang.Object, java.lang.Object, java.lang.Object, java.lang.Object, long)'> (0x0000000089be5670) 
thrown [s\src\hotspot\share\interpreter\linkResolver.cpp, line 784]
Event: 31.709 Thread 0x000001dd41f7e4a0 Exception <a 'java/lang/NoSuchMethodError'{0x0000000089a07ca0}: 'void java.lang.invoke.DirectMethodHandle$Holder.invokeStatic(java.lang.Object, java.lang.Object, java.lang.Object, int, java.lang.Object)'> (0x0000000089a07ca0) 
thrown [s\src\hotspot\share\interpreter\linkResolver.cpp, line 784]
Event: 33.185 Thread 0x000001dd41f7e4a0 Exception <a 'java/lang/NoSuchMethodError'{0x00000000835a6f18}: 'java.lang.Object java.lang.invoke.DirectMethodHandle$Holder.newInvokeSpecial(java.lang.Object, java.lang.Object, java.lang.Object, java.lang.Object, int, java.lang.Object)'> (0x00000000835a6f18) 
thrown [s\src\hotspot\share\interpreter\linkResolver.cpp, line 784]
Event: 33.186 Thread 0x000001dd41f7e4a0 Exception <a 'java/lang/NoSuchMethodError'{0x00000000835af858}: 'java.lang.Object java.lang.invoke.Invokers$Holder.linkToTargetMethod(java.lang.Object, java.lang.Object, java.lang.Object, int, java.lang.Object, java.lang.Object)'> (0x00000000835af858) 
thrown [s\src\hotspot\share\interpreter\linkResolver.cpp, line 784]
Event: 34.573 Thread 0x000001dd41f7e4a0 Exception <a 'java/lang/NoSuchMethodError'{0x0000000089f05800}: 'java.lang.Object java.lang.invoke.DirectMethodHandle$Holder.invokeSpecialIFC(java.lang.Object, java.lang.Object, java.lang.Object)'> (0x0000000089f05800) 
thrown [s\src\hotspot\share\interpreter\linkResolver.cpp, line 784]
Event: 35.784 Thread 0x000001dd407bd250 Implicit null exception at 0x000001dd2fae6aee to 0x000001dd2fae6ba4

ZGC Phase Switch (0 events):
No events

VM Operations (20 events):
Event: 33.078 Executing VM operation: ICBufferFull
Event: 33.078 Executing VM operation: ICBufferFull done
Event: 33.306 Executing VM operation: G1CollectForAllocation (G1 Evacuation Pause)
Event: 33.322 Executing VM operation: G1CollectForAllocation (G1 Evacuation Pause) done
Event: 33.986 Executing VM operation: ICBufferFull
Event: 33.986 Executing VM operation: ICBufferFull done
Event: 34.354 Executing VM operation: G1CollectForAllocation (G1 Evacuation Pause)
Event: 34.367 Executing VM operation: G1CollectForAllocation (G1 Evacuation Pause) done
Event: 34.437 Executing VM operation: HandshakeAllThreads (Deoptimize)
Event: 34.437 Executing VM operation: HandshakeAllThreads (Deoptimize) done
Event: 34.493 Executing VM operation: G1PauseRemark
Event: 34.502 Executing VM operation: G1PauseRemark done
Event: 34.555 Executing VM operation: G1PauseCleanup
Event: 34.555 Executing VM operation: G1PauseCleanup done
Event: 35.306 Executing VM operation: ICBufferFull
Event: 35.306 Executing VM operation: ICBufferFull done
Event: 35.306 Executing VM operation: ICBufferFull
Event: 35.306 Executing VM operation: ICBufferFull done
Event: 35.517 Executing VM operation: G1CollectForAllocation (G1 Evacuation Pause)
Event: 35.526 Executing VM operation: G1CollectForAllocation (G1 Evacuation Pause) done

Memory protections (0 events):
No events

Nmethod flushes (20 events):
Event: 34.501 Thread 0x000001dd3bc6e830 flushing  nmethod 0x000001dd281bc310
Event: 34.501 Thread 0x000001dd3bc6e830 flushing  nmethod 0x000001dd281ca010
Event: 34.501 Thread 0x000001dd3bc6e830 flushing  nmethod 0x000001dd281ce890
Event: 34.501 Thread 0x000001dd3bc6e830 flushing  nmethod 0x000001dd28224590
Event: 34.501 Thread 0x000001dd3bc6e830 flushing  nmethod 0x000001dd2822dd10
Event: 34.501 Thread 0x000001dd3bc6e830 flushing  nmethod 0x000001dd2824d390
Event: 34.501 Thread 0x000001dd3bc6e830 flushing  nmethod 0x000001dd2824d990
Event: 34.501 Thread 0x000001dd3bc6e830 flushing  nmethod 0x000001dd2824e010
Event: 34.501 Thread 0x000001dd3bc6e830 flushing  nmethod 0x000001dd2864a890
Event: 34.501 Thread 0x000001dd3bc6e830 flushing  nmethod 0x000001dd2864b390
Event: 34.501 Thread 0x000001dd3bc6e830 flushing  nmethod 0x000001dd2864bb90
Event: 34.501 Thread 0x000001dd3bc6e830 flushing  nmethod 0x000001dd2864c590
Event: 34.501 Thread 0x000001dd3bc6e830 flushing  nmethod 0x000001dd2864cb10
Event: 34.501 Thread 0x000001dd3bc6e830 flushing  nmethod 0x000001dd2864f010
Event: 34.501 Thread 0x000001dd3bc6e830 flushing  nmethod 0x000001dd2866a390
Event: 34.501 Thread 0x000001dd3bc6e830 flushing  nmethod 0x000001dd286a9990
Event: 34.501 Thread 0x000001dd3bc6e830 flushing  nmethod 0x000001dd286a9e10
Event: 34.501 Thread 0x000001dd3bc6e830 flushing  nmethod 0x000001dd286aa890
Event: 34.501 Thread 0x000001dd3bc6e830 flushing  nmethod 0x000001dd286ab690
Event: 34.501 Thread 0x000001dd3bc6e830 flushing  nmethod 0x000001dd2871c910

Events (20 events):
Event: 25.104 Thread 0x000001dd400d46f0 Thread added: 0x000001dd4ad64930
Event: 25.664 Thread 0x000001dd4ad64930 Thread exited: 0x000001dd4ad64930
Event: 26.872 Thread 0x000001dd400d46f0 Thread added: 0x000001dd4b05e000
Event: 27.008 Thread 0x000001dd4b05e000 Thread exited: 0x000001dd4b05e000
Event: 27.258 Thread 0x000001dd400d46f0 Thread added: 0x000001dd4b05e000
Event: 29.377 Thread 0x000001dd4b05e000 Thread exited: 0x000001dd4b05e000
Event: 29.411 Thread 0x000001dd400d46f0 Thread added: 0x000001dd4b05e000
Event: 31.613 Thread 0x000001dd4b05e000 Thread exited: 0x000001dd4b05e000
Event: 31.855 Thread 0x000001dd400d46f0 Thread added: 0x000001dd4b05e000
Event: 32.661 Thread 0x000001dd4b05e000 Thread exited: 0x000001dd4b05e000
Event: 32.988 Thread 0x000001dd41f7e4a0 Thread added: 0x000001dd407c3b50
Event: 32.988 Thread 0x000001dd41f7e4a0 Thread added: 0x000001dd407c06d0
Event: 32.988 Thread 0x000001dd41f7e4a0 Thread added: 0x000001dd407bec90
Event: 33.013 Thread 0x000001dd400d46f0 Thread added: 0x000001dd4b05e000
Event: 33.261 Thread 0x000001dd41f7e4a0 Thread added: 0x000001dd407bf320
Event: 33.270 Thread 0x000001dd41f7e4a0 Thread added: 0x000001dd407c27a0
Event: 33.272 Thread 0x000001dd41f7e4a0 Thread added: 0x000001dd407c34c0
Event: 34.574 Thread 0x000001dd41f7e4a0 Thread added: 0x000001dd407c41e0
Event: 34.575 Thread 0x000001dd41f7e4a0 Thread added: 0x000001dd407bd250
Event: 34.576 Thread 0x000001dd41f7e4a0 Thread added: 0x000001dd407bd8e0


Dynamic libraries:
0x00007ff722da0000 - 0x00007ff722daa000 	C:\Program Files\Android\Android Studio\jbr\bin\java.exe
0x00007fffa7f90000 - 0x00007fffa81a7000 	C:\Windows\SYSTEM32\ntdll.dll
0x00007fffa6ac0000 - 0x00007fffa6b84000 	C:\Windows\System32\KERNEL32.DLL
0x00007fffa5400000 - 0x00007fffa57b7000 	C:\Windows\System32\KERNELBASE.dll
0x00007fffa5860000 - 0x00007fffa5971000 	C:\Windows\System32\ucrtbase.dll
0x00007fff9a130000 - 0x00007fff9a14b000 	C:\Program Files\Android\Android Studio\jbr\bin\VCRUNTIME140.dll
0x00007fff82f40000 - 0x00007fff82f58000 	C:\Program Files\Android\Android Studio\jbr\bin\jli.dll
0x00007fffa6f20000 - 0x00007fffa70cf000 	C:\Windows\System32\USER32.dll
0x00007fffa5c90000 - 0x00007fffa5cb6000 	C:\Windows\System32\win32u.dll
0x00007fffa6120000 - 0x00007fffa6149000 	C:\Windows\System32\GDI32.dll
0x00007fffa5a00000 - 0x00007fffa5b18000 	C:\Windows\System32\gdi32full.dll
0x00007fffa57c0000 - 0x00007fffa585a000 	C:\Windows\System32\msvcp_win.dll
0x00007fff91ea0000 - 0x00007fff92133000 	C:\Windows\WinSxS\amd64_microsoft.windows.common-controls_6595b64144ccf1df_6.0.22621.3672_none_2713b9d173822955\COMCTL32.dll
0x00007fffa7ea0000 - 0x00007fffa7f47000 	C:\Windows\System32\msvcrt.dll
0x00007fffa7260000 - 0x00007fffa7291000 	C:\Windows\System32\IMM32.DLL
0x00007fffa21d0000 - 0x00007fffa21dc000 	C:\Program Files\Android\Android Studio\jbr\bin\vcruntime140_1.dll
0x00007fff4bd20000 - 0x00007fff4bdad000 	C:\Program Files\Android\Android Studio\jbr\bin\msvcp140.dll
0x00007fff66f40000 - 0x00007fff67bcb000 	C:\Program Files\Android\Android Studio\jbr\bin\server\jvm.dll
0x00007fffa6060000 - 0x00007fffa6112000 	C:\Windows\System32\ADVAPI32.dll
0x00007fffa5db0000 - 0x00007fffa5e58000 	C:\Windows\System32\sechost.dll
0x00007fffa52a0000 - 0x00007fffa52c8000 	C:\Windows\System32\bcrypt.dll
0x00007fffa7900000 - 0x00007fffa7a14000 	C:\Windows\System32\RPCRT4.dll
0x00007fffa7500000 - 0x00007fffa7571000 	C:\Windows\System32\WS2_32.dll
0x00007fffa4150000 - 0x00007fffa419d000 	C:\Windows\SYSTEM32\POWRPROF.dll
0x00007fff9dce0000 - 0x00007fff9dd14000 	C:\Windows\SYSTEM32\WINMM.dll
0x00007fff956f0000 - 0x00007fff956fa000 	C:\Windows\SYSTEM32\VERSION.dll
0x00007fffa4130000 - 0x00007fffa4143000 	C:\Windows\SYSTEM32\UMPDC.dll
0x00007fffa43e0000 - 0x00007fffa43f8000 	C:\Windows\SYSTEM32\kernel.appcore.dll
0x00007fff9d890000 - 0x00007fff9d89a000 	C:\Program Files\Android\Android Studio\jbr\bin\jimage.dll
0x00007fff8daf0000 - 0x00007fff8dd22000 	C:\Windows\SYSTEM32\DBGHELP.DLL
0x00007fffa6b90000 - 0x00007fffa6f1e000 	C:\Windows\System32\combase.dll
0x00007fffa70f0000 - 0x00007fffa71c7000 	C:\Windows\System32\OLEAUT32.dll
0x00007fff83820000 - 0x00007fff83852000 	C:\Windows\SYSTEM32\dbgcore.DLL
0x00007fffa5980000 - 0x00007fffa59fb000 	C:\Windows\System32\bcryptPrimitives.dll
0x00007fff83900000 - 0x00007fff8390e000 	C:\Program Files\Android\Android Studio\jbr\bin\instrument.dll
0x00007fff99c80000 - 0x00007fff99ca0000 	C:\Program Files\Android\Android Studio\jbr\bin\java.dll
0x00007fff99c60000 - 0x00007fff99c78000 	C:\Program Files\Android\Android Studio\jbr\bin\zip.dll
0x00007fffa6250000 - 0x00007fffa6ab9000 	C:\Windows\System32\SHELL32.dll
0x00007fffa3210000 - 0x00007fffa3b0f000 	C:\Windows\SYSTEM32\windows.storage.dll
0x00007fffa30d0000 - 0x00007fffa320f000 	C:\Windows\SYSTEM32\wintypes.dll
0x00007fffa5f60000 - 0x00007fffa6059000 	C:\Windows\System32\SHCORE.dll
0x00007fffa74a0000 - 0x00007fffa74fe000 	C:\Windows\System32\shlwapi.dll
0x00007fffa51d0000 - 0x00007fffa51f7000 	C:\Windows\SYSTEM32\profapi.dll
0x00007fff963f0000 - 0x00007fff96400000 	C:\Program Files\Android\Android Studio\jbr\bin\net.dll
0x00007fff9e160000 - 0x00007fff9e296000 	C:\Windows\SYSTEM32\WINHTTP.dll
0x00007fffa4850000 - 0x00007fffa48b9000 	C:\Windows\system32\mswsock.dll
0x00007fff958a0000 - 0x00007fff958b6000 	C:\Program Files\Android\Android Studio\jbr\bin\nio.dll
0x00007fff91100000 - 0x00007fff91110000 	C:\Program Files\Android\Android Studio\jbr\bin\verify.dll
0x00007fff7e730000 - 0x00007fff7e757000 	C:\Users\USER\.gradle\native\c067742578af261105cb4f569cf0c3c89f3d7b1fecec35dd04571415982c5e48\windows-amd64\native-platform.dll
0x00007fff3a760000 - 0x00007fff3a8a4000 	C:\Users\USER\.gradle\native\100fb08df4bc3b14c8652ba06237920a3bd2aa13389f12d3474272988ae205f9\windows-amd64\native-platform-file-events.dll
0x00007fff96310000 - 0x00007fff96319000 	C:\Program Files\Android\Android Studio\jbr\bin\management.dll
0x00007fff95980000 - 0x00007fff9598b000 	C:\Program Files\Android\Android Studio\jbr\bin\management_ext.dll
0x00007fffa5d40000 - 0x00007fffa5d48000 	C:\Windows\System32\PSAPI.DLL
0x00007fffa4aa0000 - 0x00007fffa4abb000 	C:\Windows\SYSTEM32\CRYPTSP.dll
0x00007fffa4340000 - 0x00007fffa4375000 	C:\Windows\system32\rsaenh.dll
0x00007fffa4940000 - 0x00007fffa4968000 	C:\Windows\SYSTEM32\USERENV.dll
0x00007fffa4ac0000 - 0x00007fffa4acc000 	C:\Windows\SYSTEM32\CRYPTBASE.dll
0x00007fffa3e30000 - 0x00007fffa3e5d000 	C:\Windows\SYSTEM32\IPHLPAPI.DLL
0x00007fffa78f0000 - 0x00007fffa78f9000 	C:\Windows\System32\NSI.dll
0x00007fff96340000 - 0x00007fff96349000 	C:\Program Files\Android\Android Studio\jbr\bin\extnet.dll
0x00007fff963e0000 - 0x00007fff963e8000 	C:\Windows\system32\wshunix.dll

dbghelp: loaded successfully - version: 4.0.5 - missing functions: none
symbol engine: initialized successfully - sym options: 0x614 - pdb path: .;C:\Program Files\Android\Android Studio\jbr\bin;C:\Windows\SYSTEM32;C:\Windows\WinSxS\amd64_microsoft.windows.common-controls_6595b64144ccf1df_6.0.22621.3672_none_2713b9d173822955;C:\Program Files\Android\Android Studio\jbr\bin\server;C:\Users\USER\.gradle\native\c067742578af261105cb4f569cf0c3c89f3d7b1fecec35dd04571415982c5e48\windows-amd64;C:\Users\USER\.gradle\native\100fb08df4bc3b14c8652ba06237920a3bd2aa13389f12d3474272988ae205f9\windows-amd64

VM Arguments:
jvm_args: --add-opens=java.base/java.lang=ALL-UNNAMED --add-opens=java.base/java.lang.invoke=ALL-UNNAMED --add-opens=java.base/java.util=ALL-UNNAMED --add-opens=java.prefs/java.util.prefs=ALL-UNNAMED --add-exports=jdk.compiler/com.sun.tools.javac.api=ALL-UNNAMED --add-exports=jdk.compiler/com.sun.tools.javac.util=ALL-UNNAMED --add-opens=java.base/java.util=ALL-UNNAMED --add-opens=java.prefs/java.util.prefs=ALL-UNNAMED --add-opens=java.base/java.nio.charset=ALL-UNNAMED --add-opens=java.base/java.net=ALL-UNNAMED --add-opens=java.base/java.util.concurrent.atomic=ALL-UNNAMED --add-opens=java.xml/javax.xml.namespace=ALL-UNNAMED -Xmx2048m -Dfile.encoding=UTF-8 -Duser.country=US -Duser.language=en -Duser.variant -javaagent:C:\Users\USER\.gradle\wrapper\dists\gradle-8.11.1-bin\bpt9gzteqjrbo1mjrsomdt32c\gradle-8.11.1\lib\agents\gradle-instrumentation-agent-8.11.1.jar 
java_command: org.gradle.launcher.daemon.bootstrap.GradleDaemon 8.11.1
java_class_path (initial): C:\Users\USER\.gradle\wrapper\dists\gradle-8.11.1-bin\bpt9gzteqjrbo1mjrsomdt32c\gradle-8.11.1\lib\gradle-daemon-main-8.11.1.jar
Launcher Type: SUN_STANDARD

[Global flags]
     intx CICompilerCount                          = 3                                         {product} {ergonomic}
     uint ConcGCThreads                            = 1                                         {product} {ergonomic}
     uint G1ConcRefinementThreads                  = 4                                         {product} {ergonomic}
   size_t G1HeapRegionSize                         = 1048576                                   {product} {ergonomic}
    uintx GCDrainStackTargetSize                   = 64                                        {product} {ergonomic}
   size_t InitialHeapSize                          = 266338304                                 {product} {ergonomic}
   size_t MarkStackSize                            = 4194304                                   {product} {ergonomic}
   size_t MaxHeapSize                              = 2147483648                                {product} {command line}
   size_t MaxNewSize                               = 1287651328                                {product} {ergonomic}
   size_t MinHeapDeltaBytes                        = 1048576                                   {product} {ergonomic}
   size_t MinHeapSize                              = 8388608                                   {product} {ergonomic}
    uintx NonNMethodCodeHeapSize                   = 5832780                                {pd product} {ergonomic}
    uintx NonProfiledCodeHeapSize                  = 122912730                              {pd product} {ergonomic}
    uintx ProfiledCodeHeapSize                     = 122912730                              {pd product} {ergonomic}
    uintx ReservedCodeCacheSize                    = 251658240                              {pd product} {ergonomic}
     bool SegmentedCodeCache                       = true                                      {product} {ergonomic}
   size_t SoftMaxHeapSize                          = 2147483648                             {manageable} {ergonomic}
     bool UseCompressedOops                        = true                           {product lp64_product} {ergonomic}
     bool UseG1GC                                  = true                                      {product} {ergonomic}
     bool UseLargePagesIndividualAllocation        = false                                  {pd product} {ergonomic}

Logging:
Log output configuration:
 #0: stdout all=warning uptime,level,tags foldmultilines=false
 #1: stderr all=off uptime,level,tags foldmultilines=false

Environment Variables:
PATH=C:\Program Files (x86)\Common Files\Oracle\Java\javapath;C:\Program Files (x86)\Common Files\Intel\Shared Libraries\redist\intel64\compiler;C:\Windows\system32;C:\Windows;C:\Windows\System32\Wbem;C:\Windows\System32\WindowsPowerShell\v1.0\;C:\Windows\System32\OpenSSH\;C:\ProgramData\chocolatey\bin;C:\Program Files\nodejs\;C:\Program Files\Git\cmd;C:\Users\USER\AppData\Local\Programs\Python\Python311\Scripts\;C:\Users\USER\AppData\Local\Programs\Python\Python311\;C:\Users\USER\AppData\Local\Microsoft\WindowsApps;C:\Users\USER\AppData\Local\GitHubDesktop\bin;C:\Users\USER\AppData\Local\Programs\Microsoft VS Code\bin;C:\Users\USER\AppData\Roaming\npm
USERNAME=USER
OS=Windows_NT
PROCESSOR_IDENTIFIER=Intel64 Family 6 Model 78 Stepping 3, GenuineIntel
TMP=C:\Users\USER\AppData\Local\Temp
TEMP=C:\Users\USER\AppData\Local\Temp




Periodic native trim disabled

JNI global refs:
JNI global refs: 26, weak refs: 0

JNI global refs memory usage: 835, weak refs: 833

Process memory usage:
Resident Set Size: 522824K (3% of 16629228K total physical memory with 4103868K free physical memory)

OOME stack traces (most recent first):
Classloader memory used:
Loader org.gradle.internal.classloader.VisitableURLClassLoader                         : 33509K
Loader bootstrap                                                                       : 22904K
Loader org.gradle.initialization.MixInLegacyTypesClassLoader                           : 9524K
Loader jdk.internal.loader.ClassLoaders$PlatformClassLoader                            : 500K
Loader jdk.internal.loader.ClassLoaders$AppClassLoader                                 : 234K
Loader org.gradle.internal.classloader.VisitableURLClassLoader                         : 127K
Loader jdk.internal.reflect.DelegatingClassLoader                                      : 82344B

Classes loaded by more than one classloader:
Class Program                                                                         : loaded 3 times (x 68B)
Class org.gradle.internal.classloader.ClassLoaderHierarchy                            : loaded 2 times (x 66B)
Class org.gradle.api.internal.classpath.ManifestUtil                                  : loaded 2 times (x 67B)
Class org.gradle.internal.classloader.DefaultClassLoaderFactory                       : loaded 2 times (x 78B)
Class org.gradle.internal.classloader.ClassLoaderVisitor                              : loaded 2 times (x 72B)
Class org.gradle.api.internal.classpath.EffectiveClassPath                            : loaded 2 times (x 86B)
Class org.gradle.api.internal.DefaultClassPathProvider                                : loaded 2 times (x 72B)
Class [Lorg.gradle.api.internal.ClassPathProvider;                                    : loaded 2 times (x 65B)
Class org.gradle.api.internal.ClassPathProvider                                       : loaded 2 times (x 66B)
Class org.gradle.internal.service.UnknownServiceException                             : loaded 2 times (x 79B)
Class org.gradle.internal.classpath.TransformedClassPath                              : loaded 2 times (x 92B)
Class org.gradle.internal.classloader.InstrumentingClassLoader                        : loaded 2 times (x 66B)
Class org.gradle.internal.service.ServiceLocator                                      : loaded 2 times (x 66B)
Class org.gradle.internal.InternalTransformer                                         : loaded 2 times (x 66B)
Class org.gradle.internal.classloader.ClasspathUtil$1                                 : loaded 2 times (x 72B)
Class org.gradle.api.internal.classpath.DefaultModuleRegistry$DefaultModule           : loaded 2 times (x 82B)
Class org.gradle.api.internal.classpath.Module                                        : loaded 2 times (x 66B)
Class org.gradle.api.internal.classpath.UnknownModuleException                        : loaded 2 times (x 78B)
Class org.gradle.api.internal.DefaultClassPathRegistry                                : loaded 2 times (x 72B)
Class org.gradle.api.internal.ClassPathRegistry                                       : loaded 2 times (x 66B)
Class org.gradle.internal.classpath.DefaultClassPath$ImmutableUniqueList              : loaded 2 times (x 195B)
Class org.gradle.internal.classloader.FilteringClassLoader                            : loaded 2 times (x 101B)
Class Settings_gradle$1                                                               : loaded 2 times (x 70B)
Class org.gradle.internal.classpath.ClassPath                                         : loaded 2 times (x 66B)
Class org.gradle.api.UncheckedIOException                                             : loaded 2 times (x 78B)
Class org.gradle.internal.installation.GradleInstallation$1                           : loaded 2 times (x 71B)
Class org.gradle.api.internal.classpath.ModuleRegistry                                : loaded 2 times (x 66B)
Class org.gradle.api.internal.classpath.DefaultModuleRegistry                         : loaded 2 times (x 82B)
Class org.gradle.internal.service.ServiceLookupException                              : loaded 2 times (x 78B)
Class org.gradle.internal.classloader.ClassLoaderFactory                              : loaded 2 times (x 66B)
Class org.gradle.internal.service.CachingServiceLocator                               : loaded 2 times (x 78B)
Class org.gradle.internal.classloader.ClasspathUtil                                   : loaded 2 times (x 67B)
Class org.gradle.api.specs.Spec                                                       : loaded 2 times (x 66B)
Class org.gradle.internal.classloader.VisitableURLClassLoader$InstrumentingVisitableURLClassLoader: loaded 2 times (x 119B)
Class org.gradle.internal.classloader.VisitableURLClassLoader$Spec                    : loaded 2 times (x 70B)
Class org.gradle.internal.classpath.DefaultClassPath                                  : loaded 2 times (x 86B)
Class org.gradle.internal.classloader.ClassLoaderSpec                                 : loaded 2 times (x 67B)
Class Settings_gradle$1$1                                                             : loaded 2 times (x 70B)
Class org.gradle.internal.classloader.VisitableURLClassLoader                         : loaded 2 times (x 113B)
Class Settings_gradle                                                                 : loaded 2 times (x 124B)
Class org.gradle.internal.Cast                                                        : loaded 2 times (x 67B)
Class org.gradle.api.Action                                                           : loaded 2 times (x 66B)
Class org.gradle.internal.classpath.DefaultClassPath$ImmutableUniqueList$Builder      : loaded 2 times (x 71B)
Class org.gradle.api.GradleException                                                  : loaded 2 times (x 78B)
Class org.gradle.internal.IoActions                                                   : loaded 2 times (x 67B)
Class org.gradle.internal.classloader.SystemClassLoaderSpec                           : loaded 2 times (x 67B)
Class org.gradle.api.internal.classpath.GlobalCacheRootsProvider                      : loaded 2 times (x 66B)
Class org.gradle.internal.installation.CurrentGradleInstallationLocator               : loaded 2 times (x 67B)
Class org.gradle.internal.service.DefaultServiceLocator                               : loaded 2 times (x 79B)
Class org.gradle.internal.installation.CurrentGradleInstallation                      : loaded 2 times (x 69B)
Class org.gradle.util.internal.GUtil                                                  : loaded 2 times (x 67B)
Class org.gradle.internal.installation.GradleInstallation                             : loaded 2 times (x 71B)

---------------  S Y S T E M  ---------------

OS:
 Windows 11 , 64 bit Build 22621 (10.0.22621.3958)
OS uptime: 1 days 4:34 hours

CPU: total 4 (initial active 4) (2 cores per cpu, 2 threads per core) family 6 model 78 stepping 3 microcode 0xf0, cx8, cmov, fxsr, ht, mmx, 3dnowpref, sse, sse2, sse3, ssse3, sse4.1, sse4.2, popcnt, lzcnt, tsc, tscinvbit, avx, avx2, aes, erms, clmul, bmi1, bmi2, rtm, adx, fma, vzeroupper, clflush, clflushopt, rdtscp, f16c
Processor Information for the first 4 processors :
  Max Mhz: 2808, Current Mhz: 2607, Mhz Limit: 2583

Memory: 4k page, system-wide physical 16239M (4006M free)
TotalPageFile size 23919M (AvailPageFile size 8465M)
current process WorkingSet (physical memory assigned to process): 512M, peak: 578M
current process commit charge ("private bytes"): 543M, peak: 666M

vm_info: OpenJDK 64-Bit Server VM (21.0.6+-13368085-b895.109) for windows-amd64 JRE (21.0.6+-13368085-b895.109), built on 2025-04-16T17:01:31Z by "builder" with MS VC++ 16.10 / 16.11 (VS2019)

END.
