#
# A fatal error has been detected by the Java Runtime Environment:
#
#  EXCEPTION_ACCESS_VIOLATION (0xc0000005) at pc=0x00007fff6707a0f6, pid=2868, tid=13908
#
# JRE version: OpenJDK Runtime Environment (21.0.6) (build 21.0.6+-13368085-b895.109)
# Java VM: OpenJDK 64-Bit Server VM (21.0.6+-13368085-b895.109, mixed mode, tiered, compressed oops, compressed class ptrs, g1 gc, windows-amd64)
# Problematic frame:
# V  [jvm.dll+0x13a0f6]
#
# No core dump will be written. Minidumps are not enabled by default on client versions of Windows
#
# If you would like to submit a bug report, please visit:
#   https://youtrack.jetbrains.com/issues/JBR
#

---------------  S U M M A R Y ------------

Command Line: --add-opens=java.base/java.lang=ALL-UNNAMED --add-opens=java.base/java.lang.invoke=ALL-UNNAMED --add-opens=java.base/java.util=ALL-UNNAMED --add-opens=java.prefs/java.util.prefs=ALL-UNNAMED --add-exports=jdk.compiler/com.sun.tools.javac.api=ALL-UNNAMED --add-exports=jdk.compiler/com.sun.tools.javac.util=ALL-UNNAMED --add-opens=java.base/java.util=ALL-UNNAMED --add-opens=java.prefs/java.util.prefs=ALL-UNNAMED --add-opens=java.base/java.nio.charset=ALL-UNNAMED --add-opens=java.base/java.net=ALL-UNNAMED --add-opens=java.base/java.util.concurrent.atomic=ALL-UNNAMED --add-opens=java.xml/javax.xml.namespace=ALL-UNNAMED -Xmx2048m -Dfile.encoding=UTF-8 -Duser.country=US -Duser.language=en -Duser.variant -javaagent:C:\Users\USER\.gradle\wrapper\dists\gradle-8.11.1-bin\bpt9gzteqjrbo1mjrsomdt32c\gradle-8.11.1\lib\agents\gradle-instrumentation-agent-8.11.1.jar org.gradle.launcher.daemon.bootstrap.GradleDaemon 8.11.1

Host: Intel(R) Core(TM) i7-6600U CPU @ 2.60GHz, 4 cores, 15G,  Windows 11 , 64 bit Build 22621 (10.0.22621.3958)
Time: Sun May 18 17:14:26 2025 Azerbaijan Standard Time elapsed time: 13.973119 seconds (0d 0h 0m 13s)

---------------  T H R E A D  ---------------

Current thread (0x00000272f8006bc0):  WorkerThread "G1 Conc#0"      [id=13908, stack(0x000000bd38600000,0x000000bd38700000) (1024K)]

Stack: [0x000000bd38600000,0x000000bd38700000],  sp=0x000000bd386ffa18,  free space=1022k
Native frames: (J=compiled Java code, j=interpreted, Vv=VM code, C=native code)
V  [jvm.dll+0x13a0f6]


siginfo: EXCEPTION_ACCESS_VIOLATION (0xc0000005), reading address 0x0000000000000008


Registers:
RAX=0x4204a22121212048, RBX=0x00000272f8007701, RCX=0x00000000808139f8, RDX=0x00000000808139f8
RSP=0x000000bd386ffa18, RBP=0x0000000000000000, RSI=0x00000272f7ff5930, RDI=0x00000000808139f8
R8 =0x0000000000000000, R9 =0x0000000000000008, R10=0x00000272f7fb65f0, R11=0x0000000000000003
R12=0x0000000000000000, R13=0xaaaaaaaaaaaaaaab, R14=0x0000000100219710, R15=0x0000000080813b90
RIP=0x00007fff6707a0f6, EFLAGS=0x0000000000010246

XMM[0]=0x0000000000000000 0x0000000000000000
XMM[1]=0x0000000000000000 0x0000000000000000
XMM[2]=0x0000000000000000 0x0000000000000000
XMM[3]=0x0000000000000000 0x0000000000000000
XMM[4]=0x0000000000000000 0x0000000000000000
XMM[5]=0x0000000000000000 0x0000000000000000
XMM[6]=0x0000000000000000 0x4006628f5c28f5c0
XMM[7]=0x0000000000000000 0x408f400000000000
XMM[8]=0x0000000000000000 0x0000000000000000
XMM[9]=0x0000000000000000 0x0000000000000000
XMM[10]=0x0000000000000000 0x0000000000000000
XMM[11]=0x0000000000000000 0x0000000000000000
XMM[12]=0x0000000000000000 0x0000000000000000
XMM[13]=0x0000000000000000 0x0000000000000000
XMM[14]=0x0000000000000000 0x0000000000000000
XMM[15]=0x0000000000000000 0x0000000000000000
  MXCSR=0x00001fa0


Register to memory mapping:

RAX=0x4204a22121212048 is an unknown value
RBX=0x00000272f8007701 points into unknown readable memory: 00 00 00 00 00 00 00
RCX=0x00000000808139f8 is pointing into object: java.lang.String 
{0x00000000808139f0} - klass: 'java/lang/String'
 - string: "HmacSHA1"
 - ---- fields (total size 3 words):
 - private 'hash' 'I' @12  1752946092 (0x687bd5ac)
 - private final 'coder' 'B' @16  0 (0x00)
 - private 'hashIsZero' 'Z' @17  false (0x00)
 - injected 'flags' 'B' @18  0 (0x00)
 - private final 'value' '[B' @20  [B{0x0000000080813a08} (0x80813a08)
RDX=0x00000000808139f8 is pointing into object: java.lang.String 
{0x00000000808139f0} - klass: 'java/lang/String'
 - string: "HmacSHA1"
 - ---- fields (total size 3 words):
 - private 'hash' 'I' @12  1752946092 (0x687bd5ac)
 - private final 'coder' 'B' @16  0 (0x00)
 - private 'hashIsZero' 'Z' @17  false (0x00)
 - injected 'flags' 'B' @18  0 (0x00)
 - private final 'value' '[B' @20  [B{0x0000000080813a08} (0x80813a08)
RSP=0x000000bd386ffa18 points into unknown readable memory: 0x00007fff67257a8a | 8a 7a 25 67 ff 7f 00 00
RBP=0x0 is null
RSI=0x00000272f7ff5930 points into unknown readable memory: 0x00000272f8006220 | 20 62 00 f8 72 02 00 00
RDI=0x00000000808139f8 is pointing into object: java.lang.String 
{0x00000000808139f0} - klass: 'java/lang/String'
 - string: "HmacSHA1"
 - ---- fields (total size 3 words):
 - private 'hash' 'I' @12  1752946092 (0x687bd5ac)
 - private final 'coder' 'B' @16  0 (0x00)
 - private 'hashIsZero' 'Z' @17  false (0x00)
 - injected 'flags' 'B' @18  0 (0x00)
 - private final 'value' '[B' @20  [B{0x0000000080813a08} (0x80813a08)
R8 =0x0 is null
R9 =0x0000000000000008 is an unknown value
R10=0x00000272f7fb65f0 points into unknown readable memory: 0x00007fff678a93d0 | d0 93 8a 67 ff 7f 00 00
R11=0x0000000000000003 is an unknown value
R12=0x0 is null
R13=0xaaaaaaaaaaaaaaab is an unknown value
R14=0x0000000100219710 is a pointer to class: 
sun.security.pkcs11.SunPKCS11$$Lambda/0x0000000100219710 {0x0000000100219718}
 - instance size:     2
 - klass size:        74
 - access:            final synchronized synthetic 
 - flags:             rewritten should_verify_class has_nonstatic_concrete_methods has_miranda_methods has_vanilla_constructor has_resolved_methods 
 - state:             fully_initialized
 - name:              'sun/security/pkcs11/SunPKCS11$$Lambda+0x0000000100219710'
 - super:             'java/lang/Object'
 - sub:               
 - arrays:            null
 - methods:           Array<T>(0x000002729015e600)
 - method ordering:   Array<T>(0x000002728f000018)
 - default_methods:   Array<T>(0x000002729015e798)
 - default vtable indices:   Array<T>(0x000002729015e7b0)
 - local interfaces:  Array<T>(0x000002729015e5f0)
 - trans. interfaces: Array<T>(0x000002729015e5f0)
 - constants:         constant pool [23] {0x000002729015e4c8} for 'sun/security/pkcs11/SunPKCS11$$Lambda+0x0000000100219710' cache=0x000002729015e7c0
 - class loader data:  loader data: 0x00000272ffcf0590 for instance a 'jdk/internal/loader/ClassLoaders$PlatformClassLoader'{0x0000000080703a88}
 - inner classes:     Array<T>(0x000002728f000028)
 - nest members:     Array<T>(0x000002728f000028)
 - permitted subclasses:     Array<T>(0x000002728f000028)
 - java mirror:       a 'java/lang/Class'{0x0000000080ecbd28} = 'sun/security/pkcs11/SunPKCS11$$Lambda+0x0000000100219710'
 - vtable length      7  (start addr: 0x00000001002198f0)
 - itable length      7 (start addr: 0x0000000100219928)
 - ---- static fields (0 words):
 - ---- non-static fields (0 words):
 - non-static oop maps: 
R15=0x0000000080813b90 is an oop: sun.security.pkcs11.SunPKCS11$Descriptor 
{0x0000000080813b90} - klass: 'sun/security/pkcs11/SunPKCS11$Descriptor'
 - ---- fields (total size 5 words):
 - final 'type' 'Ljava/lang/String;' @12  "Cipher"{0x0000000080811c68} (0x80811c68)
 - final 'algorithm' 'Ljava/lang/String;' @16  "RSA/ECB/PKCS1Padding"{0x0000000080813bb8} (0x80813bb8)
 - final 'className' 'Ljava/lang/String;' @20  "sun.security.pkcs11.P11RSACipher"{0x0000000080813710} (0x80813710)
 - final 'aliases' 'Ljava/util/List;' @24  
[error occurred during error reporting (printing register info), id 0xc0000005, EXCEPTION_ACCESS_VIOLATION (0xc0000005) at pc=0x00007fff675fb116]

Top of Stack: (sp=0x000000bd386ffa18)
0x000000bd386ffa18:   00007fff67257a8a 0000000000000000
0x000000bd386ffa28:   00007fff672579f6 000072bcced07605
0x000000bd386ffa38:   000000bd386ffbf0 00000000808139f8
0x000000bd386ffa48:   00007fff6725785f 00000272f80077d0
0x000000bd386ffa58:   000000bd386ffbf0 0000000100219708
0x000000bd386ffa68:   000000bd386ffbf0 0000000080813bb4
0x000000bd386ffa78:   00007fff6725519d 0000000080813ba8
0x000000bd386ffa88:   00007fff67255a4d 0000000080813b80
0x000000bd386ffa98:   00007fff67254de2 000000bd386ffbb0
0x000000bd386ffaa8:   0000000000000001 0000000080813b90
0x000000bd386ffab8:   00007fff67254de2 00000001002194f0
0x000000bd386ffac8:   0000000000000005 000000bd386ffbf0
0x000000bd386ffad8:   0000000000000000 00000272f80077d0
0x000000bd386ffae8:   00007fff67274930 0000000080813b90
0x000000bd386ffaf8:   00000272f7ff5940 000000bd386ffbb0
0x000000bd386ffb08:   00000272f7ff5940 0000000080813b90
0x000000bd386ffb18:   00007fff67271181 0000000000102772
0x000000bd386ffb28:   000000bd385ff340 000000008058e490
0x000000bd386ffb38:   00007fff672727b4 0000000000120000
0x000000bd386ffb48:   00007fff67272d0c 0000000080813b40
0x000000bd386ffb58:   0000000000102772 0000000000098968
0x000000bd386ffb68:   0000000000000000 0000000000000000
0x000000bd386ffb78:   0000000000000001 00000272f80077d0
0x000000bd386ffb88:   00007fff67271a53 0000000000000555
0x000000bd386ffb98:   0000000000000000 000000bd385ff301
0x000000bd386ffba8:   0000000000000000 00000272f7ff5930
0x000000bd386ffbb8:   00000272f80077d0 0000000080800000
0x000000bd386ffbc8:   0000000000020000 0000000080800000
0x000000bd386ffbd8:   0000000000020000 0000000000000000
0x000000bd386ffbe8:   000000000007270e 00007fff678aad68
0x000000bd386ffbf8:   000002729306b110 0000000000000003
0x000000bd386ffc08:   00000272f7fb65f0 00000272f80077d0 

Instructions: (pc=0x00007fff6707a0f6)
0x00007fff67079ff6:   4c 63 c0 41 8b c1 48 c1 f8 10 48 63 14 19 41 8b
0x00007fff6707a006:   c9 83 e1 3f 48 d3 e2 0f b6 c8 49 8d 04 10 49 f7
0x00007fff6707a016:   d0 48 03 c8 49 c1 e8 03 48 c1 e9 03 49 23 c8 eb
0x00007fff6707a026:   12 49 8b 00 48 8b d3 49 8b c8 ff 90 00 01 00 00
0x00007fff6707a036:   48 8b c8 48 89 1f 48 8b c7 48 8b 5c 24 30 48 89
0x00007fff6707a046:   4f 08 48 83 c4 20 5f c3 cc cc 0f b6 05 b9 91 9f
0x00007fff6707a056:   00 48 8b d1 84 c0 74 16 44 8b 41 08 8b 0d b0 7e
0x00007fff6707a066:   9f 00 49 d3 e0 4c 03 05 9e 7e 9f 00 eb 04 4c 8b
0x00007fff6707a076:   41 08 45 8b 48 08 45 85 c9 7e 0e 41 f6 c1 01 75
0x00007fff6707a086:   53 41 c1 f9 03 49 63 c1 c3 79 49 84 c0 41 b8 0c
0x00007fff6707a096:   00 00 00 8b 05 69 8f 9f 00 b9 10 00 00 00 41 0f
0x00007fff6707a0a6:   45 c8 ff c8 4c 63 c0 41 8b c1 48 c1 f8 10 0f b6
0x00007fff6707a0b6:   c0 48 63 14 11 41 8b c9 83 e1 3f 48 d3 e2 49 8d
0x00007fff6707a0c6:   0c 10 49 f7 d0 48 03 c1 49 c1 e8 03 48 c1 e8 03
0x00007fff6707a0d6:   49 23 c0 c3 49 8b 00 49 8b c8 48 ff a0 00 01 00
0x00007fff6707a0e6:   00 cc cc cc cc cc cc cc cc cc 4c 8b c2 48 8b d1
0x00007fff6707a0f6:   45 8b 48 08 45 85 c9 7e 0e 41 f6 c1 01 75 56 41
0x00007fff6707a106:   c1 f9 03 49 63 c1 c3 79 4c 80 3d fa 90 9f 00 00
0x00007fff6707a116:   b8 0c 00 00 00 b9 10 00 00 00 0f 45 c8 8b 05 df
0x00007fff6707a126:   8e 9f 00 ff c8 4c 63 c0 41 8b c1 48 c1 f8 10 48
0x00007fff6707a136:   63 14 11 41 8b c9 83 e1 3f 0f b6 c0 48 d3 e2 49
0x00007fff6707a146:   8d 0c 10 49 f7 d0 48 03 c1 49 c1 e8 03 48 c1 e8
0x00007fff6707a156:   03 49 23 c0 c3 49 8b 00 49 8b c8 48 ff a0 00 01
0x00007fff6707a166:   00 00 cc cc cc cc cc cc cc cc 40 53 48 83 ec 20
0x00007fff6707a176:   48 8b d9 49 8b c0 33 c9 45 0f b6 c1 48 89 0b 48
0x00007fff6707a186:   89 4b 08 48 8b cb 48 89 53 10 48 8b d0 e8 28 09
0x00007fff6707a196:   00 00 48 8b c3 48 83 c4 20 5b c3 cc cc cc cc cc
0x00007fff6707a1a6:   cc cc cc cc cc cc cc cc cc cc 40 53 48 83 ec 20
0x00007fff6707a1b6:   33 c0 44 88 41 10 45 0f b6 c1 48 89 01 48 89 41
0x00007fff6707a1c6:   08 48 8b d9 e8 01 0a 00 00 48 8b c3 48 83 c4 20
0x00007fff6707a1d6:   5b c3 cc cc cc cc cc cc cc cc 40 53 48 83 ec 20
0x00007fff6707a1e6:   33 c0 48 8b d9 48 89 01 48 89 41 08 e8 99 0b 00 


Stack slot to memory mapping:

stack at sp + 0 slots: 0x00007fff67257a8a jvm.dll
stack at sp + 1 slots: 0x0 is null
stack at sp + 2 slots: 0x00007fff672579f6 jvm.dll
stack at sp + 3 slots: 0x000072bcced07605 is an unknown value
stack at sp + 4 slots: 0x000000bd386ffbf0 points into unknown readable memory: 0x00007fff678aad68 | 68 ad 8a 67 ff 7f 00 00
stack at sp + 5 slots: 0x00000000808139f8 is pointing into object: java.lang.String 
{0x00000000808139f0} - klass: 'java/lang/String'
 - string: "HmacSHA1"
 - ---- fields (total size 3 words):
 - private 'hash' 'I' @12  1752946092 (0x687bd5ac)
 - private final 'coder' 'B' @16  0 (0x00)
 - private 'hashIsZero' 'Z' @17  false (0x00)
 - injected 'flags' 'B' @18  0 (0x00)
 - private final 'value' '[B' @20  [B{0x0000000080813a08} (0x80813a08)
stack at sp + 6 slots: 0x00007fff6725785f jvm.dll
stack at sp + 7 slots: 0x00000272f80077d0 points into unknown readable memory: 0x00007fff678aad48 | 48 ad 8a 67 ff 7f 00 00


---------------  P R O C E S S  ---------------

Threads class SMR info:
_java_thread_list=0x0000027296eacfd0, length=29, elements={
0x00000272f7fa2910, 0x00000272930d06e0, 0x00000272930d18d0, 0x00000272930d6df0,
0x00000272930d4980, 0x00000272930e7c30, 0x00000272930ea2a0, 0x00000272930eb7c0,
0x00000272930f0690, 0x00000272ffe25530, 0x00000272933ceda0, 0x00000272946b7480,
0x00000272945c4260, 0x00000272934deb90, 0x00000272948569a0, 0x00000272938c96d0,
0x0000027294ddaaa0, 0x0000027294dc5dd0, 0x0000027293f7ec70, 0x0000027294e67090,
0x0000027294e65650, 0x0000027294e67720, 0x0000027294e67db0, 0x0000027294e66370,
0x0000027294e68440, 0x0000027294e68ad0, 0x0000027294e65ce0, 0x0000027295b43960,
0x0000027295b432d0
}

Java Threads: ( => current thread )
  0x00000272f7fa2910 JavaThread "main"                              [_thread_blocked, id=14232, stack(0x000000bd38200000,0x000000bd38300000) (1024K)]
  0x00000272930d06e0 JavaThread "Reference Handler"          daemon [_thread_blocked, id=432, stack(0x000000bd38c00000,0x000000bd38d00000) (1024K)]
  0x00000272930d18d0 JavaThread "Finalizer"                  daemon [_thread_blocked, id=11560, stack(0x000000bd38d00000,0x000000bd38e00000) (1024K)]
  0x00000272930d6df0 JavaThread "Signal Dispatcher"          daemon [_thread_blocked, id=12752, stack(0x000000bd38e00000,0x000000bd38f00000) (1024K)]
  0x00000272930d4980 JavaThread "Attach Listener"            daemon [_thread_blocked, id=9624, stack(0x000000bd38f00000,0x000000bd39000000) (1024K)]
  0x00000272930e7c30 JavaThread "Service Thread"             daemon [_thread_blocked, id=1896, stack(0x000000bd39000000,0x000000bd39100000) (1024K)]
  0x00000272930ea2a0 JavaThread "Monitor Deflation Thread"   daemon [_thread_blocked, id=13560, stack(0x000000bd39100000,0x000000bd39200000) (1024K)]
  0x00000272930eb7c0 JavaThread "C2 CompilerThread0"         daemon [_thread_in_native, id=8372, stack(0x000000bd39200000,0x000000bd39300000) (1024K)]
  0x00000272930f0690 JavaThread "C1 CompilerThread0"         daemon [_thread_blocked, id=832, stack(0x000000bd39300000,0x000000bd39400000) (1024K)]
  0x00000272ffe25530 JavaThread "Common-Cleaner"             daemon [_thread_blocked, id=5212, stack(0x000000bd39400000,0x000000bd39500000) (1024K)]
  0x00000272933ceda0 JavaThread "Notification Thread"        daemon [_thread_blocked, id=11412, stack(0x000000bd39500000,0x000000bd39600000) (1024K)]
  0x00000272946b7480 JavaThread "Daemon health stats"               [_thread_blocked, id=12684, stack(0x000000bd39900000,0x000000bd39a00000) (1024K)]
  0x00000272945c4260 JavaThread "Incoming local TCP Connector on port 57732"        [_thread_in_native, id=14056, stack(0x000000bd39a00000,0x000000bd39b00000) (1024K)]
  0x00000272934deb90 JavaThread "Daemon periodic checks"            [_thread_blocked, id=7768, stack(0x000000bd39b00000,0x000000bd39c00000) (1024K)]
  0x00000272948569a0 JavaThread "Daemon"                            [_thread_blocked, id=12788, stack(0x000000bd39c00000,0x000000bd39d00000) (1024K)]
  0x00000272938c96d0 JavaThread "Handler for socket connection from /127.0.0.1:57732 to /127.0.0.1:57733"        [_thread_in_native, id=6472, stack(0x000000bd39d00000,0x000000bd39e00000) (1024K)]
  0x0000027294ddaaa0 JavaThread "Cancel handler"                    [_thread_blocked, id=10668, stack(0x000000bd39e00000,0x000000bd39f00000) (1024K)]
  0x0000027294dc5dd0 JavaThread "Daemon worker"                     [_thread_blocked, id=2092, stack(0x000000bd39f00000,0x000000bd3a000000) (1024K)]
  0x0000027293f7ec70 JavaThread "Asynchronous log dispatcher for DefaultDaemonConnection: socket connection from /127.0.0.1:57732 to /127.0.0.1:57733"        [_thread_blocked, id=10756, stack(0x000000bd3a000000,0x000000bd3a100000) (1024K)]
  0x0000027294e67090 JavaThread "Stdin handler"                     [_thread_blocked, id=14024, stack(0x000000bd3a100000,0x000000bd3a200000) (1024K)]
  0x0000027294e65650 JavaThread "Daemon client event forwarder"        [_thread_blocked, id=6928, stack(0x000000bd3a200000,0x000000bd3a300000) (1024K)]
  0x0000027294e67720 JavaThread "Cache worker for journal cache (C:\Users\USER\.gradle\caches\journal-1)"        [_thread_blocked, id=8172, stack(0x000000bd3a300000,0x000000bd3a400000) (1024K)]
  0x0000027294e67db0 JavaThread "File lock request listener"        [_thread_in_native, id=1392, stack(0x000000bd3a400000,0x000000bd3a500000) (1024K)]
  0x0000027294e66370 JavaThread "Cache worker for file hash cache (C:\Users\USER\.gradle\caches\8.11.1\fileHashes)"        [_thread_blocked, id=9120, stack(0x000000bd3a500000,0x000000bd3a600000) (1024K)]
  0x0000027294e68440 JavaThread "Cache worker for file content cache (C:\Users\USER\.gradle\caches\8.11.1\fileContent)"        [_thread_blocked, id=13576, stack(0x000000bd3a700000,0x000000bd3a800000) (1024K)]
  0x0000027294e68ad0 JavaThread "Cache worker for file hash cache (C:\Users\USER\OneDrive\Documents\MiCafe\.gradle\8.11.1\fileHashes)"        [_thread_blocked, id=11556, stack(0x000000bd3a600000,0x000000bd3a700000) (1024K)]
  0x0000027294e65ce0 JavaThread "Cache worker for Build Output Cleanup Cache (C:\Users\USER\OneDrive\Documents\MiCafe\.gradle\buildOutputCleanup)"        [_thread_blocked, id=428, stack(0x000000bd3a800000,0x000000bd3a900000) (1024K)]
  0x0000027295b43960 JavaThread "File watcher server"        daemon [_thread_in_native, id=5228, stack(0x000000bd3a900000,0x000000bd3aa00000) (1024K)]
  0x0000027295b432d0 JavaThread "File watcher consumer"      daemon [_thread_blocked, id=14292, stack(0x000000bd3aa00000,0x000000bd3ab00000) (1024K)]
Total: 29

Other Threads:
  0x0000027293048c40 VMThread "VM Thread"                           [id=12320, stack(0x000000bd38a00000,0x000000bd38b00000) (1024K)]
  0x00000272ffe222e0 WatcherThread "VM Periodic Task Thread"        [id=8248, stack(0x000000bd38900000,0x000000bd38a00000) (1024K)]
  0x00000272f7ff53a0 WorkerThread "GC Thread#0"                     [id=9708, stack(0x000000bd38400000,0x000000bd38500000) (1024K)]
  0x000002729359f970 WorkerThread "GC Thread#1"                     [id=3424, stack(0x000000bd39600000,0x000000bd39700000) (1024K)]
  0x000002729359fd10 WorkerThread "GC Thread#2"                     [id=12920, stack(0x000000bd39700000,0x000000bd39800000) (1024K)]
  0x00000272935a00b0 WorkerThread "GC Thread#3"                     [id=6712, stack(0x000000bd39800000,0x000000bd39900000) (1024K)]
  0x00000272f8006220 ConcurrentGCThread "G1 Main Marker"            [id=9588, stack(0x000000bd38500000,0x000000bd38600000) (1024K)]
=>0x00000272f8006bc0 WorkerThread "G1 Conc#0"                       [id=13908, stack(0x000000bd38600000,0x000000bd38700000) (1024K)]
  0x00000272ffcf62a0 ConcurrentGCThread "G1 Refine#0"               [id=12884, stack(0x000000bd38700000,0x000000bd38800000) (1024K)]
  0x00000272ffcf6c30 ConcurrentGCThread "G1 Service"                [id=11340, stack(0x000000bd38800000,0x000000bd38900000) (1024K)]
Total: 10

Threads with active compile tasks:
Total: 0

VM state: not at safepoint (normal execution)

VM Mutex/Monitor currently owned by a thread:  ([mutex/lock_event])
[0x00007fff67aee4a0] Heap_lock - owner thread: 0x0000027294dc5dd0

Heap address: 0x0000000080000000, size: 2048 MB, Compressed Oops mode: 32-bit

CDS archive(s) not mapped
Compressed class space mapped at: 0x0000000100000000-0x0000000140000000, reserved size: 1073741824
Narrow klass base: 0x0000000000000000, Narrow klass shift: 3, Narrow klass range: 0x140000000

GC Precious Log:
 CardTable entry size: 512
 Card Set container configuration: InlinePtr #cards 5 size 8 Array Of Cards #cards 12 size 40 Howl #buckets 4 coarsen threshold 1843 Howl Bitmap #cards 512 size 80 coarsen threshold 460 Card regions per heap region 1 cards per card region 2048
 CPUs: 4 total, 4 available
 Memory: 16239M
 Large Page Support: Disabled
 NUMA Support: Disabled
 Compressed Oops: Enabled (32-bit)
 Heap Region Size: 1M
 Heap Min Capacity: 8M
 Heap Initial Capacity: 254M
 Heap Max Capacity: 2G
 Pre-touch: Disabled
 Parallel Workers: 4
 Concurrent Workers: 1
 Concurrent Refinement Workers: 4
 Periodic GC: Disabled

Heap:
 garbage-first heap   total 68608K, used 28664K [0x0000000080000000, 0x0000000100000000)
  region size 1024K, 6 young (6144K), 3 survivors (3072K)
 Metaspace       used 35672K, committed 36480K, reserved 1114112K
  class space    used 4773K, committed 5184K, reserved 1048576K

Heap Regions: E=young(eden), S=young(survivor), O=old, HS=humongous(starts), HC=humongous(continues), CS=collection set, F=free, TAMS=top-at-mark-start, PB=parsable bottom
|   0|0x0000000080000000, 0x0000000080100000, 0x0000000080100000|100%|HS|  |TAMS 0x0000000080100000| PB 0x0000000080000000| Complete 
|   1|0x0000000080100000, 0x0000000080200000, 0x0000000080200000|100%|HC|  |TAMS 0x0000000080200000| PB 0x0000000080100000| Complete 
|   2|0x0000000080200000, 0x0000000080300000, 0x0000000080300000|100%|HC|  |TAMS 0x0000000080300000| PB 0x0000000080200000| Complete 
|   3|0x0000000080300000, 0x0000000080400000, 0x0000000080400000|100%| O|  |TAMS 0x0000000080400000| PB 0x0000000080300000| Untracked 
|   4|0x0000000080400000, 0x0000000080500000, 0x0000000080500000|100%| O|  |TAMS 0x0000000080500000| PB 0x0000000080400000| Untracked 
|   5|0x0000000080500000, 0x0000000080600000, 0x0000000080600000|100%| O|  |TAMS 0x0000000080600000| PB 0x0000000080500000| Untracked 
|   6|0x0000000080600000, 0x0000000080700000, 0x0000000080700000|100%|HS|  |TAMS 0x0000000080700000| PB 0x0000000080600000| Complete 
|   7|0x0000000080700000, 0x0000000080800000, 0x0000000080800000|100%| O|  |TAMS 0x0000000080800000| PB 0x0000000080700000| Untracked 
|   8|0x0000000080800000, 0x0000000080900000, 0x0000000080900000|100%| O|  |TAMS 0x0000000080900000| PB 0x0000000080800000| Untracked 
|   9|0x0000000080900000, 0x0000000080a00000, 0x0000000080a00000|100%| O|  |TAMS 0x0000000080a00000| PB 0x0000000080900000| Untracked 
|  10|0x0000000080a00000, 0x0000000080b00000, 0x0000000080b00000|100%| O|  |TAMS 0x0000000080b00000| PB 0x0000000080a00000| Untracked 
|  11|0x0000000080b00000, 0x0000000080c00000, 0x0000000080c00000|100%| O|  |TAMS 0x0000000080c00000| PB 0x0000000080b00000| Untracked 
|  12|0x0000000080c00000, 0x0000000080d00000, 0x0000000080d00000|100%| O|  |TAMS 0x0000000080d00000| PB 0x0000000080c00000| Untracked 
|  13|0x0000000080d00000, 0x0000000080e00000, 0x0000000080e00000|100%| O|  |TAMS 0x0000000080e00000| PB 0x0000000080d00000| Untracked 
|  14|0x0000000080e00000, 0x0000000080f00000, 0x0000000080f00000|100%| O|  |TAMS 0x0000000080f00000| PB 0x0000000080e00000| Untracked 
|  15|0x0000000080f00000, 0x0000000081000000, 0x0000000081000000|100%| O|  |TAMS 0x0000000081000000| PB 0x0000000080f00000| Untracked 
|  16|0x0000000081000000, 0x0000000081100000, 0x0000000081100000|100%| O|  |TAMS 0x0000000081100000| PB 0x0000000081000000| Untracked 
|  17|0x0000000081100000, 0x0000000081200000, 0x0000000081200000|100%| O|  |TAMS 0x0000000081200000| PB 0x0000000081100000| Untracked 
|  18|0x0000000081200000, 0x0000000081300000, 0x0000000081300000|100%| O|  |TAMS 0x0000000081300000| PB 0x0000000081200000| Untracked 
|  19|0x0000000081300000, 0x0000000081400000, 0x0000000081400000|100%| O|  |TAMS 0x0000000081400000| PB 0x0000000081300000| Untracked 
|  20|0x0000000081400000, 0x0000000081500000, 0x0000000081500000|100%| O|  |TAMS 0x0000000081500000| PB 0x0000000081400000| Untracked 
|  21|0x0000000081500000, 0x0000000081600000, 0x0000000081600000|100%| O|  |TAMS 0x00000000815870b0| PB 0x0000000081500000| Untracked 
|  22|0x0000000081600000, 0x0000000081700000, 0x0000000081700000|100%| O|  |TAMS 0x0000000081600000| PB 0x0000000081600000| Untracked 
|  23|0x0000000081700000, 0x00000000817cedd0, 0x0000000081800000| 80%| O|  |TAMS 0x0000000081700000| PB 0x0000000081700000| Untracked 
|  24|0x0000000081800000, 0x0000000081800000, 0x0000000081900000|  0%| F|  |TAMS 0x0000000081800000| PB 0x0000000081800000| Untracked 
|  25|0x0000000081900000, 0x0000000081900000, 0x0000000081a00000|  0%| F|  |TAMS 0x0000000081900000| PB 0x0000000081900000| Untracked 
|  26|0x0000000081a00000, 0x0000000081a00000, 0x0000000081b00000|  0%| F|  |TAMS 0x0000000081a00000| PB 0x0000000081a00000| Untracked 
|  27|0x0000000081b00000, 0x0000000081b00000, 0x0000000081c00000|  0%| F|  |TAMS 0x0000000081b00000| PB 0x0000000081b00000| Untracked 
|  28|0x0000000081c00000, 0x0000000081c00000, 0x0000000081d00000|  0%| F|  |TAMS 0x0000000081c00000| PB 0x0000000081c00000| Untracked 
|  29|0x0000000081d00000, 0x0000000081d00000, 0x0000000081e00000|  0%| F|  |TAMS 0x0000000081d00000| PB 0x0000000081d00000| Untracked 
|  30|0x0000000081e00000, 0x0000000081e00000, 0x0000000081f00000|  0%| F|  |TAMS 0x0000000081e00000| PB 0x0000000081e00000| Untracked 
|  31|0x0000000081f00000, 0x0000000081f00000, 0x0000000082000000|  0%| F|  |TAMS 0x0000000081f00000| PB 0x0000000081f00000| Untracked 
|  32|0x0000000082000000, 0x0000000082000000, 0x0000000082100000|  0%| F|  |TAMS 0x0000000082000000| PB 0x0000000082000000| Untracked 
|  33|0x0000000082100000, 0x0000000082100000, 0x0000000082200000|  0%| F|  |TAMS 0x0000000082100000| PB 0x0000000082100000| Untracked 
|  34|0x0000000082200000, 0x0000000082200000, 0x0000000082300000|  0%| F|  |TAMS 0x0000000082200000| PB 0x0000000082200000| Untracked 
|  35|0x0000000082300000, 0x0000000082300000, 0x0000000082400000|  0%| F|  |TAMS 0x0000000082300000| PB 0x0000000082300000| Untracked 
|  36|0x0000000082400000, 0x0000000082400000, 0x0000000082500000|  0%| F|  |TAMS 0x0000000082400000| PB 0x0000000082400000| Untracked 
|  37|0x0000000082500000, 0x0000000082500000, 0x0000000082600000|  0%| F|  |TAMS 0x0000000082500000| PB 0x0000000082500000| Untracked 
|  38|0x0000000082600000, 0x0000000082600000, 0x0000000082700000|  0%| F|  |TAMS 0x0000000082600000| PB 0x0000000082600000| Untracked 
|  39|0x0000000082700000, 0x0000000082700000, 0x0000000082800000|  0%| F|  |TAMS 0x0000000082700000| PB 0x0000000082700000| Untracked 
|  40|0x0000000082800000, 0x0000000082800000, 0x0000000082900000|  0%| F|  |TAMS 0x0000000082800000| PB 0x0000000082800000| Untracked 
|  41|0x0000000082900000, 0x0000000082900000, 0x0000000082a00000|  0%| F|  |TAMS 0x0000000082900000| PB 0x0000000082900000| Untracked 
|  42|0x0000000082a00000, 0x0000000082a00000, 0x0000000082b00000|  0%| F|  |TAMS 0x0000000082a00000| PB 0x0000000082a00000| Untracked 
|  43|0x0000000082b00000, 0x0000000082b00000, 0x0000000082c00000|  0%| F|  |TAMS 0x0000000082b00000| PB 0x0000000082b00000| Untracked 
|  44|0x0000000082c00000, 0x0000000082c00000, 0x0000000082d00000|  0%| F|  |TAMS 0x0000000082c00000| PB 0x0000000082c00000| Untracked 
|  45|0x0000000082d00000, 0x0000000082d00000, 0x0000000082e00000|  0%| F|  |TAMS 0x0000000082d00000| PB 0x0000000082d00000| Untracked 
|  46|0x0000000082e00000, 0x0000000082e00000, 0x0000000082f00000|  0%| F|  |TAMS 0x0000000082e00000| PB 0x0000000082e00000| Untracked 
|  47|0x0000000082f00000, 0x0000000082f00000, 0x0000000083000000|  0%| F|  |TAMS 0x0000000082f00000| PB 0x0000000082f00000| Untracked 
|  48|0x0000000083000000, 0x0000000083000000, 0x0000000083100000|  0%| F|  |TAMS 0x0000000083000000| PB 0x0000000083000000| Untracked 
|  49|0x0000000083100000, 0x0000000083100000, 0x0000000083200000|  0%| F|  |TAMS 0x0000000083100000| PB 0x0000000083100000| Untracked 
|  50|0x0000000083200000, 0x0000000083200000, 0x0000000083300000|  0%| F|  |TAMS 0x0000000083200000| PB 0x0000000083200000| Untracked 
|  51|0x0000000083300000, 0x0000000083300000, 0x0000000083400000|  0%| F|  |TAMS 0x0000000083300000| PB 0x0000000083300000| Untracked 
| 147|0x0000000089300000, 0x0000000089300000, 0x0000000089400000|  0%| F|  |TAMS 0x0000000089300000| PB 0x0000000089300000| Untracked 
| 148|0x0000000089400000, 0x0000000089400000, 0x0000000089500000|  0%| F|  |TAMS 0x0000000089400000| PB 0x0000000089400000| Untracked 
| 149|0x0000000089500000, 0x0000000089500000, 0x0000000089600000|  0%| F|  |TAMS 0x0000000089500000| PB 0x0000000089500000| Untracked 
| 150|0x0000000089600000, 0x0000000089600000, 0x0000000089700000|  0%| F|  |TAMS 0x0000000089600000| PB 0x0000000089600000| Untracked 
| 151|0x0000000089700000, 0x0000000089700000, 0x0000000089800000|  0%| F|  |TAMS 0x0000000089700000| PB 0x0000000089700000| Untracked 
| 152|0x0000000089800000, 0x0000000089800000, 0x0000000089900000|  0%| F|  |TAMS 0x0000000089800000| PB 0x0000000089800000| Untracked 
| 153|0x0000000089900000, 0x0000000089900000, 0x0000000089a00000|  0%| F|  |TAMS 0x0000000089900000| PB 0x0000000089900000| Untracked 
| 154|0x0000000089a00000, 0x0000000089a00000, 0x0000000089b00000|  0%| F|  |TAMS 0x0000000089a00000| PB 0x0000000089a00000| Untracked 
| 155|0x0000000089b00000, 0x0000000089b00000, 0x0000000089c00000|  0%| F|  |TAMS 0x0000000089b00000| PB 0x0000000089b00000| Untracked 
| 156|0x0000000089c00000, 0x0000000089c2f3c8, 0x0000000089d00000| 18%| S|CS|TAMS 0x0000000089c00000| PB 0x0000000089c00000| Complete 
| 157|0x0000000089d00000, 0x0000000089e00000, 0x0000000089e00000|100%| S|CS|TAMS 0x0000000089d00000| PB 0x0000000089d00000| Complete 
| 158|0x0000000089e00000, 0x0000000089f00000, 0x0000000089f00000|100%| S|CS|TAMS 0x0000000089e00000| PB 0x0000000089e00000| Complete 
| 159|0x0000000089f00000, 0x000000008a000000, 0x000000008a000000|100%| E|  |TAMS 0x0000000089f00000| PB 0x0000000089f00000| Complete 
| 252|0x000000008fc00000, 0x000000008fd00000, 0x000000008fd00000|100%| E|CS|TAMS 0x000000008fc00000| PB 0x000000008fc00000| Complete 
| 253|0x000000008fd00000, 0x000000008fe00000, 0x000000008fe00000|100%| E|CS|TAMS 0x000000008fd00000| PB 0x000000008fd00000| Complete 

Card table byte_map: [0x00000272fb4f0000,0x00000272fb8f0000] _byte_map_base: 0x00000272fb0f0000

Marking Bits: (CMBitMap*) 0x00000272f7ff5940
 Bits: [0x00000272fb8f0000, 0x00000272fd8f0000)

Polling page: 0x00000272f5e50000

Metaspace:

Usage:
  Non-class:     30.17 MB used.
      Class:      4.66 MB used.
       Both:     34.84 MB used.

Virtual space:
  Non-class space:       64.00 MB reserved,      30.56 MB ( 48%) committed,  1 nodes.
      Class space:        1.00 GB reserved,       5.06 MB ( <1%) committed,  1 nodes.
             Both:        1.06 GB reserved,      35.62 MB (  3%) committed. 

Chunk freelists:
   Non-Class:  768.00 KB
       Class:  10.94 MB
        Both:  11.69 MB

MaxMetaspaceSize: unlimited
CompressedClassSpaceSize: 1.00 GB
Initial GC threshold: 21.00 MB
Current GC threshold: 35.62 MB
CDS: off
 - commit_granule_bytes: 65536.
 - commit_granule_words: 8192.
 - virtual_space_node_default_size: 8388608.
 - enlarge_chunks_in_place: 1.
 - use_allocation_guard: 0.


Internal statistics:

num_allocs_failed_limit: 8.
num_arena_births: 1398.
num_arena_deaths: 0.
num_vsnodes_births: 2.
num_vsnodes_deaths: 0.
num_space_committed: 570.
num_space_uncommitted: 0.
num_chunks_returned_to_freelist: 8.
num_chunks_taken_from_freelist: 2556.
num_chunk_merges: 8.
num_chunk_splits: 1655.
num_chunks_enlarged: 1058.
num_inconsistent_stats: 0.

CodeHeap 'non-profiled nmethods': size=120000Kb used=1892Kb max_used=1892Kb free=118107Kb
 bounds [0x0000027287ad0000, 0x0000027287d40000, 0x000002728f000000]
CodeHeap 'profiled nmethods': size=120000Kb used=6849Kb max_used=6849Kb free=113151Kb
 bounds [0x0000027280000000, 0x00000272806c0000, 0x0000027287530000]
CodeHeap 'non-nmethods': size=5760Kb used=1487Kb max_used=1561Kb free=4272Kb
 bounds [0x0000027287530000, 0x00000272877a0000, 0x0000027287ad0000]
 total_blobs=3964 nmethods=3383 adapters=485
 compilation: enabled
              stopped_count=0, restarted_count=0
 full_count=0

Compilation events (20 events):
Event: 13.852 Thread 0x00000272930f0690 3359       3       org.objectweb.asm.SymbolTable::addConstantFieldref (10 bytes)
Event: 13.852 Thread 0x00000272930f0690 nmethod 3359 0x000002728069bd10 code [0x000002728069bec0, 0x000002728069c018]
Event: 13.852 Thread 0x00000272930f0690 3360       3       org.objectweb.asm.SymbolTable::getType (7 bytes)
Event: 13.853 Thread 0x00000272930f0690 nmethod 3360 0x000002728069c110 code [0x000002728069c2c0, 0x000002728069c3f8]
Event: 13.866 Thread 0x00000272930f0690 3361       3       java.lang.Character::isUpperCase (5 bytes)
Event: 13.867 Thread 0x00000272930f0690 nmethod 3361 0x000002728069c510 code [0x000002728069c6e0, 0x000002728069c930]
Event: 13.867 Thread 0x00000272930f0690 3362       3       java.lang.Character::isUpperCase (9 bytes)
Event: 13.867 Thread 0x00000272930f0690 nmethod 3362 0x000002728069ca10 code [0x000002728069cbc0, 0x000002728069cdb0]
Event: 13.867 Thread 0x00000272930f0690 3363       3       java.lang.CharacterDataLatin1::isUpperCase (16 bytes)
Event: 13.867 Thread 0x00000272930f0690 nmethod 3363 0x000002728069ce90 code [0x000002728069d040, 0x000002728069d248]
Event: 13.867 Thread 0x00000272930f0690 3365       3       java.util.stream.AbstractPipeline::copyInto (54 bytes)
Event: 13.868 Thread 0x00000272930f0690 nmethod 3365 0x000002728069d390 code [0x000002728069d5c0, 0x000002728069dcc0]
Event: 13.868 Thread 0x00000272930f0690 3364       3       org.gradle.internal.instantiation.generator.AbstractClassGenerator::assertNotAbstract (61 bytes)
Event: 13.868 Thread 0x00000272930f0690 nmethod 3364 0x000002728069df10 code [0x000002728069e140, 0x000002728069e678]
Event: 13.868 Thread 0x00000272930f0690 3366       3       org.objectweb.asm.MethodWriter::computeAllFrames (510 bytes)
Event: 13.871 Thread 0x00000272930f0690 nmethod 3366 0x000002728069e910 code [0x000002728069ec60, 0x00000272806a0008]
Event: 13.871 Thread 0x00000272930f0690 3367       3       org.objectweb.asm.Frame::putAbstractType (407 bytes)
Event: 13.873 Thread 0x00000272930f0690 nmethod 3367 0x00000272806a0b10 code [0x00000272806a0fe0, 0x00000272806a2a18]
Event: 13.873 Thread 0x00000272930f0690 3368       3       org.objectweb.asm.SymbolTable::addTypeInternal (85 bytes)
Event: 13.874 Thread 0x00000272930f0690 nmethod 3368 0x00000272806a3690 code [0x00000272806a3880, 0x00000272806a3e70]

GC Heap History (14 events):
Event: 1.701 GC heap before
{Heap before GC invocations=0 (full 0):
 garbage-first heap   total 260096K, used 12288K [0x0000000080000000, 0x0000000100000000)
  region size 1024K, 13 young (13312K), 0 survivors (0K)
 Metaspace       used 7383K, committed 7488K, reserved 1114112K
  class space    used 665K, committed 704K, reserved 1048576K
}
Event: 1.719 GC heap after
{Heap after GC invocations=1 (full 0):
 garbage-first heap   total 260096K, used 1280K [0x0000000080000000, 0x0000000100000000)
  region size 1024K, 2 young (2048K), 2 survivors (2048K)
 Metaspace       used 7383K, committed 7488K, reserved 1114112K
  class space    used 665K, committed 704K, reserved 1048576K
}
Event: 3.423 GC heap before
{Heap before GC invocations=1 (full 0):
 garbage-first heap   total 260096K, used 28928K [0x0000000080000000, 0x0000000100000000)
  region size 1024K, 27 young (27648K), 2 survivors (2048K)
 Metaspace       used 11211K, committed 11392K, reserved 1114112K
  class space    used 1164K, committed 1280K, reserved 1048576K
}
Event: 3.434 GC heap after
{Heap after GC invocations=2 (full 0):
 garbage-first heap   total 260096K, used 9925K [0x0000000080000000, 0x0000000100000000)
  region size 1024K, 4 young (4096K), 4 survivors (4096K)
 Metaspace       used 11211K, committed 11392K, reserved 1114112K
  class space    used 1164K, committed 1280K, reserved 1048576K
}
Event: 8.130 GC heap before
{Heap before GC invocations=2 (full 0):
 garbage-first heap   total 260096K, used 102085K [0x0000000080000000, 0x0000000100000000)
  region size 1024K, 94 young (96256K), 4 survivors (4096K)
 Metaspace       used 21191K, committed 21504K, reserved 1114112K
  class space    used 2433K, committed 2624K, reserved 1048576K
}
Event: 8.145 GC heap after
{Heap after GC invocations=3 (full 0):
 garbage-first heap   total 260096K, used 20039K [0x0000000080000000, 0x0000000100000000)
  region size 1024K, 13 young (13312K), 13 survivors (13312K)
 Metaspace       used 21191K, committed 21504K, reserved 1114112K
  class space    used 2433K, committed 2624K, reserved 1048576K
}
Event: 10.215 GC heap before
{Heap before GC invocations=4 (full 0):
 garbage-first heap   total 68608K, used 46663K [0x0000000080000000, 0x0000000100000000)
  region size 1024K, 40 young (40960K), 13 survivors (13312K)
 Metaspace       used 26235K, committed 26752K, reserved 1114112K
  class space    used 3181K, committed 3392K, reserved 1048576K
}
Event: 10.230 GC heap after
{Heap after GC invocations=5 (full 0):
 garbage-first heap   total 68608K, used 21563K [0x0000000080000000, 0x0000000100000000)
  region size 1024K, 2 young (2048K), 2 survivors (2048K)
 Metaspace       used 26235K, committed 26752K, reserved 1114112K
  class space    used 3181K, committed 3392K, reserved 1048576K
}
Event: 11.935 GC heap before
{Heap before GC invocations=5 (full 0):
 garbage-first heap   total 68608K, used 52283K [0x0000000080000000, 0x0000000100000000)
  region size 1024K, 33 young (33792K), 2 survivors (2048K)
 Metaspace       used 30497K, committed 31104K, reserved 1114112K
  class space    used 3923K, committed 4224K, reserved 1048576K
}
Event: 11.944 GC heap after
{Heap after GC invocations=6 (full 0):
 garbage-first heap   total 68608K, used 24368K [0x0000000080000000, 0x0000000100000000)
  region size 1024K, 4 young (4096K), 4 survivors (4096K)
 Metaspace       used 30497K, committed 31104K, reserved 1114112K
  class space    used 3923K, committed 4224K, reserved 1048576K
}
Event: 13.737 GC heap before
{Heap before GC invocations=6 (full 0):
 garbage-first heap   total 68608K, used 56112K [0x0000000080000000, 0x0000000100000000)
  region size 1024K, 35 young (35840K), 4 survivors (4096K)
 Metaspace       used 34989K, committed 35840K, reserved 1114112K
  class space    used 4652K, committed 5056K, reserved 1048576K
}
Event: 13.747 GC heap after
{Heap after GC invocations=7 (full 0):
 garbage-first heap   total 68608K, used 26302K [0x0000000080000000, 0x0000000100000000)
  region size 1024K, 5 young (5120K), 5 survivors (5120K)
 Metaspace       used 34989K, committed 35840K, reserved 1114112K
  class space    used 4652K, committed 5056K, reserved 1048576K
}
Event: 13.919 GC heap before
{Heap before GC invocations=7 (full 0):
 garbage-first heap   total 68608K, used 28350K [0x0000000080000000, 0x0000000100000000)
  region size 1024K, 8 young (8192K), 5 survivors (5120K)
 Metaspace       used 35352K, committed 36160K, reserved 1114112K
  class space    used 4722K, committed 5120K, reserved 1048576K
}
Event: 13.929 GC heap after
{Heap after GC invocations=8 (full 0):
 garbage-first heap   total 68608K, used 26616K [0x0000000080000000, 0x0000000100000000)
  region size 1024K, 3 young (3072K), 3 survivors (3072K)
 Metaspace       used 35352K, committed 36160K, reserved 1114112K
  class space    used 4722K, committed 5120K, reserved 1048576K
}

Dll operation events (3 events):
Event: 0.031 Loaded shared library C:\Program Files\Android\Android Studio\jbr\bin\java.dll
Event: 0.062 Loaded shared library C:\Program Files\Android\Android Studio\jbr\bin\zip.dll
Event: 2.405 Loaded shared library C:\Program Files\Android\Android Studio\jbr\bin\verify.dll

Deoptimization events (20 events):
Event: 11.903 Thread 0x0000027294dc5dd0 Uncommon trap: trap_request=0xffffff45 fr.pc=0x0000027287c55bd4 relative=0x00000000000007b4
Event: 11.903 Thread 0x0000027294dc5dd0 Uncommon trap: reason=unstable_if action=reinterpret pc=0x0000027287c55bd4 method=java.util.HashMap.putVal(ILjava/lang/Object;Ljava/lang/Object;ZZ)Ljava/lang/Object; @ 206 c2
Event: 11.903 Thread 0x0000027294dc5dd0 DEOPT PACKING pc=0x0000027287c55bd4 sp=0x000000bd39ffb3c0
Event: 11.903 Thread 0x0000027294dc5dd0 DEOPT UNPACKING pc=0x00000272875846a2 sp=0x000000bd39ffb348 mode 2
Event: 12.605 Thread 0x0000027294dc5dd0 Uncommon trap: trap_request=0xffffff45 fr.pc=0x0000027287bf9520 relative=0x00000000000003c0
Event: 12.605 Thread 0x0000027294dc5dd0 Uncommon trap: reason=unstable_if action=reinterpret pc=0x0000027287bf9520 method=jdk.internal.org.objectweb.asm.SymbolTable.addType(Ljava/lang/String;)I @ 33 c2
Event: 12.605 Thread 0x0000027294dc5dd0 DEOPT PACKING pc=0x0000027287bf9520 sp=0x000000bd39ff9be0
Event: 12.605 Thread 0x0000027294dc5dd0 DEOPT UNPACKING pc=0x00000272875846a2 sp=0x000000bd39ff9b68 mode 2
Event: 13.095 Thread 0x0000027294dc5dd0 Uncommon trap: trap_request=0xffffff45 fr.pc=0x0000027287c3652c relative=0x0000000000000d6c
Event: 13.098 Thread 0x0000027294dc5dd0 Uncommon trap: reason=unstable_if action=reinterpret pc=0x0000027287c3652c method=jdk.internal.org.objectweb.asm.SymbolTable.addType(Ljava/lang/String;)I @ 33 c2
Event: 13.098 Thread 0x0000027294dc5dd0 DEOPT PACKING pc=0x0000027287c3652c sp=0x000000bd39ffb9b0
Event: 13.098 Thread 0x0000027294dc5dd0 DEOPT UNPACKING pc=0x00000272875846a2 sp=0x000000bd39ffb8e8 mode 2
Event: 13.256 Thread 0x0000027294dc5dd0 Uncommon trap: trap_request=0xffffff76 fr.pc=0x0000027287c81d20 relative=0x00000000000001e0
Event: 13.256 Thread 0x0000027294dc5dd0 Uncommon trap: reason=predicate action=maybe_recompile pc=0x0000027287c81d20 method=com.google.common.base.CharMatcher.indexIn(Ljava/lang/CharSequence;I)I @ 19 c2
Event: 13.256 Thread 0x0000027294dc5dd0 DEOPT PACKING pc=0x0000027287c81d20 sp=0x000000bd39ffad60
Event: 13.256 Thread 0x0000027294dc5dd0 DEOPT UNPACKING pc=0x00000272875846a2 sp=0x000000bd39ffacf0 mode 2
Event: 13.435 Thread 0x0000027294dc5dd0 Uncommon trap: trap_request=0xffffff45 fr.pc=0x0000027287b8c8e4 relative=0x00000000000006c4
Event: 13.435 Thread 0x0000027294dc5dd0 Uncommon trap: reason=unstable_if action=reinterpret pc=0x0000027287b8c8e4 method=java.util.Properties$LineReader.readLine()I @ 95 c2
Event: 13.435 Thread 0x0000027294dc5dd0 DEOPT PACKING pc=0x0000027287b8c8e4 sp=0x000000bd39ffaeb0
Event: 13.435 Thread 0x0000027294dc5dd0 DEOPT UNPACKING pc=0x00000272875846a2 sp=0x000000bd39ffae60 mode 2

Classes loaded (20 events):
Event: 12.517 Loading class java/util/zip/GZIPOutputStream
Event: 12.517 Loading class java/util/zip/DeflaterOutputStream
Event: 12.518 Loading class java/util/zip/DeflaterOutputStream done
Event: 12.518 Loading class java/util/zip/GZIPOutputStream done
Event: 12.519 Loading class java/io/UnsupportedEncodingException
Event: 12.519 Loading class java/io/UnsupportedEncodingException done
Event: 12.611 Loading class java/util/Collections$SingletonMap
Event: 12.612 Loading class java/util/Collections$SingletonMap done
Event: 13.200 Loading class java/util/function/UnaryOperator
Event: 13.200 Loading class java/util/function/UnaryOperator done
Event: 13.239 Loading class java/util/concurrent/CancellationException
Event: 13.240 Loading class java/util/concurrent/CancellationException done
Event: 13.243 Loading class java/util/concurrent/TimeoutException
Event: 13.244 Loading class java/util/concurrent/TimeoutException done
Event: 13.319 Loading class java/util/concurrent/locks/AbstractQueuedSynchronizer$SharedNode
Event: 13.319 Loading class java/util/concurrent/locks/AbstractQueuedSynchronizer$SharedNode done
Event: 13.354 Loading class java/io/InterruptedIOException
Event: 13.354 Loading class java/io/InterruptedIOException done
Event: 13.377 Loading class java/util/ArrayDeque$DeqSpliterator
Event: 13.377 Loading class java/util/ArrayDeque$DeqSpliterator done

Classes unloaded (0 events):
No events

Classes redefined (0 events):
No events

Internal exceptions (20 events):
Event: 11.171 Thread 0x0000027294dc5dd0 Exception <a 'java/lang/NoSuchMethodError'{0x0000000083116598}: 'int java.lang.invoke.DirectMethodHandle$Holder.invokeStaticInit(java.lang.Object, java.lang.Object, java.lang.Object)'> (0x0000000083116598) 
thrown [s\src\hotspot\share\interpreter\linkResolver.cpp, line 784]
Event: 11.388 Thread 0x0000027294dc5dd0 Exception <a 'java/lang/NoSuchMethodError'{0x0000000082c9f800}: 'java.lang.Object java.lang.invoke.DirectMethodHandle$Holder.invokeVirtual(java.lang.Object, java.lang.Object, java.lang.Object, java.lang.Object, java.lang.Object, java.lang.Object, java.lang.Object, java.lang.Object, java.lang.Object, java.lang.Object, java.lang.Object, java.lang.Object, java.lang.Object, java.lang.Object, java.lang.Object, java.lang.Object, java.lang.Object, java.lang.Object, java.lang.Object, java.lang.Object, java.lang.Ob
Event: 11.403 Thread 0x0000027294dc5dd0 Exception <a 'java/lang/NoSuchMethodError'{0x0000000082b12e18}: 'java.lang.Object java.lang.invoke.DirectMethodHandle$Holder.invokeSpecial(java.lang.Object, java.lang.Object, java.lang.Object, java.lang.Object, java.lang.Object, java.lang.Object, java.lang.Object, java.lang.Object, java.lang.Object, java.lang.Object, java.lang.Object, java.lang.Object, java.lang.Object, java.lang.Object, java.lang.Object, java.lang.Object, java.lang.Object, java.lang.Object, java.lang.Object, java.lang.Object, java.lang.Ob
Event: 11.956 Thread 0x0000027294dc5dd0 Exception <a 'java/lang/NoSuchMethodError'{0x000000008fd1bc40}: 'java.lang.Object java.lang.invoke.DirectMethodHandle$Holder.newInvokeSpecial(java.lang.Object, java.lang.Object, java.lang.Object, java.lang.Object, java.lang.Object, java.lang.Object, java.lang.Object)'> (0x000000008fd1bc40) 
thrown [s\src\hotspot\share\interpreter\linkResolver.cpp, line 784]
Event: 12.098 Thread 0x0000027294dc5dd0 Exception <a 'java/lang/NoSuchMethodError'{0x0000000089f4eae8}: 'java.lang.Object java.lang.invoke.DirectMethodHandle$Holder.invokeVirtual(java.lang.Object, java.lang.Object, java.lang.Object, java.lang.Object, java.lang.Object, java.lang.Object, java.lang.Object, java.lang.Object, java.lang.Object, java.lang.Object, java.lang.Object)'> (0x0000000089f4eae8) 
thrown [s\src\hotspot\share\interpreter\linkResolver.cpp, line 784]
Event: 12.561 Thread 0x0000027294dc5dd0 Exception <a 'java/lang/NoSuchMethodError'{0x00000000898577e8}: 'java.lang.Object java.lang.invoke.DirectMethodHandle$Holder.invokeVirtual(java.lang.Object, java.lang.Object, java.lang.Object, java.lang.Object, java.lang.Object, java.lang.Object, java.lang.Object, java.lang.Object, java.lang.Object, java.lang.Object)'> (0x00000000898577e8) 
thrown [s\src\hotspot\share\interpreter\linkResolver.cpp, line 784]
Event: 12.630 Thread 0x0000027294dc5dd0 Exception <a 'java/lang/NoSuchMethodError'{0x0000000089756f08}: 'java.lang.Object java.lang.invoke.DirectMethodHandle$Holder.invokeSpecial(java.lang.Object, java.lang.Object, java.lang.Object, java.lang.Object, java.lang.Object, java.lang.Object, java.lang.Object, java.lang.Object, java.lang.Object, java.lang.Object, java.lang.Object, java.lang.Object, java.lang.Object, java.lang.Object, java.lang.Object, java.lang.Object, java.lang.Object, java.lang.Object, java.lang.Object, java.lang.Object, java.lang.Ob
Event: 12.630 Thread 0x0000027294dc5dd0 Exception <a 'java/lang/NoSuchMethodError'{0x0000000089770b38}: 'java.lang.Object java.lang.invoke.DelegatingMethodHandle$Holder.reinvoke_L(java.lang.Object, java.lang.Object, java.lang.Object, java.lang.Object, java.lang.Object, java.lang.Object, java.lang.Object, java.lang.Object, java.lang.Object, java.lang.Object, java.lang.Object, java.lang.Object, java.lang.Object, java.lang.Object, java.lang.Object, java.lang.Object, java.lang.Object, java.lang.Object, java.lang.Object, java.lang.Object, java.lang.O
Event: 12.631 Thread 0x0000027294dc5dd0 Exception <a 'java/lang/NoSuchMethodError'{0x000000008977c188}: 'java.lang.Object java.lang.invoke.DirectMethodHandle$Holder.invokeSpecial(java.lang.Object, java.lang.Object, java.lang.Object, java.lang.Object, java.lang.Object, java.lang.Object, java.lang.Object, java.lang.Object, java.lang.Object, java.lang.Object, java.lang.Object, java.lang.Object, java.lang.Object, java.lang.Object, java.lang.Object, java.lang.Object, java.lang.Object, java.lang.Object, java.lang.Object, java.lang.Object, java.lang.Ob
Event: 12.632 Thread 0x0000027294dc5dd0 Exception <a 'java/lang/NoSuchMethodError'{0x0000000089781990}: 'java.lang.Object java.lang.invoke.Invokers$Holder.invoker(java.lang.Object, java.lang.Object, java.lang.Object, java.lang.Object, java.lang.Object, java.lang.Object, java.lang.Object, java.lang.Object, java.lang.Object, java.lang.Object, java.lang.Object, java.lang.Object, java.lang.Object, java.lang.Object, java.lang.Object, java.lang.Object, java.lang.Object, java.lang.Object, java.lang.Object, java.lang.Object, java.lang.Object, java.lang.
Event: 12.633 Thread 0x0000027294dc5dd0 Exception <a 'java/lang/NoSuchMethodError'{0x0000000089787b78}: 'java.lang.Object java.lang.invoke.DelegatingMethodHandle$Holder.delegate(java.lang.Object, java.lang.Object, java.lang.Object, java.lang.Object, java.lang.Object, java.lang.Object, java.lang.Object, java.lang.Object, java.lang.Object, java.lang.Object, java.lang.Object, java.lang.Object, java.lang.Object, java.lang.Object, java.lang.Object, java.lang.Object, java.lang.Object, java.lang.Object, java.lang.Object, java.lang.Object, java.lang.Obj
Event: 12.704 Thread 0x0000027294dc5dd0 Exception <a 'java/lang/NoSuchMethodError'{0x000000008959eb30}: 'java.lang.Object java.lang.invoke.DirectMethodHandle$Holder.invokeStaticInit(java.lang.Object, java.lang.Object, java.lang.Object, java.lang.Object)'> (0x000000008959eb30) 
thrown [s\src\hotspot\share\interpreter\linkResolver.cpp, line 784]
Event: 12.833 Thread 0x0000027294dc5dd0 Exception <a 'java/lang/NoSuchMethodError'{0x00000000893596d8}: 'void java.lang.invoke.DirectMethodHandle$Holder.invokeStatic(java.lang.Object, java.lang.Object, java.lang.Object, java.lang.Object)'> (0x00000000893596d8) 
thrown [s\src\hotspot\share\interpreter\linkResolver.cpp, line 784]
Event: 12.888 Thread 0x0000027294dc5dd0 Exception <a 'java/lang/NoSuchMethodError'{0x00000000893efff8}: 'java.lang.Object java.lang.invoke.DirectMethodHandle$Holder.invokeVirtual(java.lang.Object, java.lang.Object, java.lang.Object, java.lang.Object, java.lang.Object, java.lang.Object, java.lang.Object, java.lang.Object, java.lang.Object, java.lang.Object, java.lang.Object, java.lang.Object, java.lang.Object)'> (0x00000000893efff8) 
thrown [s\src\hotspot\share\interpreter\linkResolver.cpp, line 784]
Event: 12.889 Thread 0x0000027294dc5dd0 Exception <a 'java/lang/NoSuchMethodError'{0x00000000893f5230}: 'java.lang.Object java.lang.invoke.DirectMethodHandle$Holder.invokeSpecial(java.lang.Object, java.lang.Object, java.lang.Object, java.lang.Object, java.lang.Object, java.lang.Object, java.lang.Object, java.lang.Object, java.lang.Object, java.lang.Object, java.lang.Object, java.lang.Object, java.lang.Object, java.lang.Object)'> (0x00000000893f5230) 
thrown [s\src\hotspot\share\interpreter\linkResolver.cpp, line 784]
Event: 12.890 Thread 0x0000027294dc5dd0 Exception <a 'java/lang/NoSuchMethodError'{0x00000000893f9f80}: 'java.lang.Object java.lang.invoke.DelegatingMethodHandle$Holder.reinvoke_L(java.lang.Object, java.lang.Object, java.lang.Object, java.lang.Object, java.lang.Object, java.lang.Object, java.lang.Object, java.lang.Object, java.lang.Object, java.lang.Object, java.lang.Object, java.lang.Object, java.lang.Object)'> (0x00000000893f9f80) 
thrown [s\src\hotspot\share\interpreter\linkResolver.cpp, line 784]
Event: 12.984 Thread 0x0000027294dc5dd0 Exception <a 'java/lang/NoSuchMethodError'{0x00000000832a71a8}: 'void java.lang.invoke.DirectMethodHandle$Holder.invokeStaticInit(java.lang.Object, java.lang.Object)'> (0x00000000832a71a8) 
thrown [s\src\hotspot\share\interpreter\linkResolver.cpp, line 784]
Event: 13.364 Thread 0x0000027294dc5dd0 Exception <a 'java/lang/NoSuchMethodError'{0x0000000082cdd280}: 'int java.lang.invoke.DirectMethodHandle$Holder.invokeVirtual(java.lang.Object, java.lang.Object)'> (0x0000000082cdd280) 
thrown [s\src\hotspot\share\interpreter\linkResolver.cpp, line 784]
Event: 13.498 Thread 0x0000027294dc5dd0 Exception <a 'java/lang/NoSuchMethodError'{0x00000000829a6558}: 'void java.lang.invoke.DirectMethodHandle$Holder.invokeInterface(java.lang.Object, java.lang.Object, java.lang.Object, java.lang.Object, java.lang.Object)'> (0x00000000829a6558) 
thrown [s\src\hotspot\share\interpreter\linkResolver.cpp, line 784]
Event: 13.517 Thread 0x0000027294dc5dd0 Exception <a 'java/lang/NoSuchMethodError'{0x0000000082806af8}: 'void java.lang.invoke.DirectMethodHandle$Holder.invokeStatic(java.lang.Object, java.lang.Object, java.lang.Object, java.lang.Object, java.lang.Object, java.lang.Object)'> (0x0000000082806af8) 
thrown [s\src\hotspot\share\interpreter\linkResolver.cpp, line 784]

ZGC Phase Switch (0 events):
No events

VM Operations (20 events):
Event: 10.215 Executing VM operation: G1CollectForAllocation (G1 Evacuation Pause)
Event: 10.230 Executing VM operation: G1CollectForAllocation (G1 Evacuation Pause) done
Event: 10.400 Executing VM operation: HandshakeAllThreads (Deoptimize)
Event: 10.401 Executing VM operation: HandshakeAllThreads (Deoptimize) done
Event: 10.401 Executing VM operation: HandshakeAllThreads (Deoptimize)
Event: 10.401 Executing VM operation: HandshakeAllThreads (Deoptimize) done
Event: 11.416 Executing VM operation: Cleanup
Event: 11.416 Executing VM operation: Cleanup done
Event: 11.935 Executing VM operation: G1CollectForAllocation (G1 Evacuation Pause)
Event: 11.944 Executing VM operation: G1CollectForAllocation (G1 Evacuation Pause) done
Event: 12.946 Executing VM operation: Cleanup
Event: 12.962 Executing VM operation: Cleanup done
Event: 13.438 Executing VM operation: HandshakeAllThreads (Deoptimize)
Event: 13.438 Executing VM operation: HandshakeAllThreads (Deoptimize) done
Event: 13.440 Executing VM operation: HandshakeAllThreads (Deoptimize)
Event: 13.440 Executing VM operation: HandshakeAllThreads (Deoptimize) done
Event: 13.737 Executing VM operation: G1CollectForAllocation (G1 Evacuation Pause)
Event: 13.747 Executing VM operation: G1CollectForAllocation (G1 Evacuation Pause) done
Event: 13.919 Executing VM operation: CollectForMetadataAllocation (Metadata GC Threshold)
Event: 13.929 Executing VM operation: CollectForMetadataAllocation (Metadata GC Threshold) done

Memory protections (0 events):
No events

Nmethod flushes (0 events):
No events

Events (20 events):
Event: 7.210 Loaded shared library C:\Program Files\Android\Android Studio\jbr\bin\extnet.dll
Event: 7.336 Thread 0x00000272f7fa2910 Thread added: 0x00000272945c4260
Event: 7.597 Thread 0x00000272f7fa2910 Thread added: 0x00000272934deb90
Event: 7.656 Thread 0x00000272945c4260 Thread added: 0x00000272948569a0
Event: 7.667 Thread 0x00000272948569a0 Thread added: 0x00000272938c96d0
Event: 7.749 Thread 0x00000272948569a0 Thread added: 0x0000027294ddaaa0
Event: 7.802 Thread 0x00000272948569a0 Thread added: 0x0000027294dc5dd0
Event: 7.851 Thread 0x0000027294dc5dd0 Thread added: 0x0000027293f7ec70
Event: 7.866 Thread 0x0000027294dc5dd0 Thread added: 0x0000027294e67090
Event: 7.886 Thread 0x0000027294dc5dd0 Thread added: 0x0000027294e65650
Event: 9.473 Thread 0x0000027294dc5dd0 Thread added: 0x0000027294e67720
Event: 9.490 Thread 0x0000027294dc5dd0 Thread added: 0x0000027294e67db0
Event: 9.566 Thread 0x0000027294dc5dd0 Thread added: 0x0000027294e66370
Event: 11.223 Thread 0x00000272930eb7c0 Thread added: 0x000002729565dd20
Event: 11.584 Thread 0x0000027294dc5dd0 Thread added: 0x0000027294e68440
Event: 12.051 Thread 0x000002729565dd20 Thread exited: 0x000002729565dd20
Event: 12.573 Thread 0x0000027294dc5dd0 Thread added: 0x0000027294e68ad0
Event: 12.617 Thread 0x0000027294dc5dd0 Thread added: 0x0000027294e65ce0
Event: 13.319 Thread 0x0000027294dc5dd0 Thread added: 0x0000027295b43960
Event: 13.356 Thread 0x0000027294dc5dd0 Thread added: 0x0000027295b432d0


Dynamic libraries:
0x00007ff722da0000 - 0x00007ff722daa000 	C:\Program Files\Android\Android Studio\jbr\bin\java.exe
0x00007fffa7f90000 - 0x00007fffa81a7000 	C:\Windows\SYSTEM32\ntdll.dll
0x00007fffa6ac0000 - 0x00007fffa6b84000 	C:\Windows\System32\KERNEL32.DLL
0x00007fffa5400000 - 0x00007fffa57b7000 	C:\Windows\System32\KERNELBASE.dll
0x00007fffa5860000 - 0x00007fffa5971000 	C:\Windows\System32\ucrtbase.dll
0x00007fff911e0000 - 0x00007fff911f8000 	C:\Program Files\Android\Android Studio\jbr\bin\jli.dll
0x00007fffa6f20000 - 0x00007fffa70cf000 	C:\Windows\System32\USER32.dll
0x00007fffa5c90000 - 0x00007fffa5cb6000 	C:\Windows\System32\win32u.dll
0x00007fffa6120000 - 0x00007fffa6149000 	C:\Windows\System32\GDI32.dll
0x00007fffa5a00000 - 0x00007fffa5b18000 	C:\Windows\System32\gdi32full.dll
0x00007fffa57c0000 - 0x00007fffa585a000 	C:\Windows\System32\msvcp_win.dll
0x00007fff9a130000 - 0x00007fff9a14b000 	C:\Program Files\Android\Android Studio\jbr\bin\VCRUNTIME140.dll
0x00007fff91ea0000 - 0x00007fff92133000 	C:\Windows\WinSxS\amd64_microsoft.windows.common-controls_6595b64144ccf1df_6.0.22621.3672_none_2713b9d173822955\COMCTL32.dll
0x00007fffa7ea0000 - 0x00007fffa7f47000 	C:\Windows\System32\msvcrt.dll
0x00007fffa7260000 - 0x00007fffa7291000 	C:\Windows\System32\IMM32.DLL
0x00007fffa21d0000 - 0x00007fffa21dc000 	C:\Program Files\Android\Android Studio\jbr\bin\vcruntime140_1.dll
0x00007fff80190000 - 0x00007fff8021d000 	C:\Program Files\Android\Android Studio\jbr\bin\msvcp140.dll
0x00007fff66f40000 - 0x00007fff67bcb000 	C:\Program Files\Android\Android Studio\jbr\bin\server\jvm.dll
0x00007fffa6060000 - 0x00007fffa6112000 	C:\Windows\System32\ADVAPI32.dll
0x00007fffa5db0000 - 0x00007fffa5e58000 	C:\Windows\System32\sechost.dll
0x00007fffa52a0000 - 0x00007fffa52c8000 	C:\Windows\System32\bcrypt.dll
0x00007fffa7900000 - 0x00007fffa7a14000 	C:\Windows\System32\RPCRT4.dll
0x00007fffa7500000 - 0x00007fffa7571000 	C:\Windows\System32\WS2_32.dll
0x00007fffa4150000 - 0x00007fffa419d000 	C:\Windows\SYSTEM32\POWRPROF.dll
0x00007fff9dce0000 - 0x00007fff9dd14000 	C:\Windows\SYSTEM32\WINMM.dll
0x00007fff956f0000 - 0x00007fff956fa000 	C:\Windows\SYSTEM32\VERSION.dll
0x00007fffa4130000 - 0x00007fffa4143000 	C:\Windows\SYSTEM32\UMPDC.dll
0x00007fffa43e0000 - 0x00007fffa43f8000 	C:\Windows\SYSTEM32\kernel.appcore.dll
0x00007fff9d890000 - 0x00007fff9d89a000 	C:\Program Files\Android\Android Studio\jbr\bin\jimage.dll
0x00007fff8daf0000 - 0x00007fff8dd22000 	C:\Windows\SYSTEM32\DBGHELP.DLL
0x00007fffa6b90000 - 0x00007fffa6f1e000 	C:\Windows\System32\combase.dll
0x00007fffa70f0000 - 0x00007fffa71c7000 	C:\Windows\System32\OLEAUT32.dll
0x00007fff83820000 - 0x00007fff83852000 	C:\Windows\SYSTEM32\dbgcore.DLL
0x00007fffa5980000 - 0x00007fffa59fb000 	C:\Windows\System32\bcryptPrimitives.dll
0x00007fff8a4a0000 - 0x00007fff8a4ae000 	C:\Program Files\Android\Android Studio\jbr\bin\instrument.dll
0x00007fff99c80000 - 0x00007fff99ca0000 	C:\Program Files\Android\Android Studio\jbr\bin\java.dll
0x00007fff99c60000 - 0x00007fff99c78000 	C:\Program Files\Android\Android Studio\jbr\bin\zip.dll
0x00007fffa6250000 - 0x00007fffa6ab9000 	C:\Windows\System32\SHELL32.dll
0x00007fffa3210000 - 0x00007fffa3b0f000 	C:\Windows\SYSTEM32\windows.storage.dll
0x00007fffa30d0000 - 0x00007fffa320f000 	C:\Windows\SYSTEM32\wintypes.dll
0x00007fffa5f60000 - 0x00007fffa6059000 	C:\Windows\System32\SHCORE.dll
0x00007fffa74a0000 - 0x00007fffa74fe000 	C:\Windows\System32\shlwapi.dll
0x00007fffa51d0000 - 0x00007fffa51f7000 	C:\Windows\SYSTEM32\profapi.dll
0x00007fff963f0000 - 0x00007fff96400000 	C:\Program Files\Android\Android Studio\jbr\bin\net.dll
0x00007fff9e160000 - 0x00007fff9e296000 	C:\Windows\SYSTEM32\WINHTTP.dll
0x00007fffa4850000 - 0x00007fffa48b9000 	C:\Windows\system32\mswsock.dll
0x00007fff958a0000 - 0x00007fff958b6000 	C:\Program Files\Android\Android Studio\jbr\bin\nio.dll
0x00007fff91100000 - 0x00007fff91110000 	C:\Program Files\Android\Android Studio\jbr\bin\verify.dll
0x00007fff7e730000 - 0x00007fff7e757000 	C:\Users\USER\.gradle\native\c067742578af261105cb4f569cf0c3c89f3d7b1fecec35dd04571415982c5e48\windows-amd64\native-platform.dll
0x00007fff3a760000 - 0x00007fff3a8a4000 	C:\Users\USER\.gradle\native\100fb08df4bc3b14c8652ba06237920a3bd2aa13389f12d3474272988ae205f9\windows-amd64\native-platform-file-events.dll
0x00007fff96310000 - 0x00007fff96319000 	C:\Program Files\Android\Android Studio\jbr\bin\management.dll
0x00007fff95980000 - 0x00007fff9598b000 	C:\Program Files\Android\Android Studio\jbr\bin\management_ext.dll
0x00007fffa5d40000 - 0x00007fffa5d48000 	C:\Windows\System32\PSAPI.DLL
0x00007fffa4aa0000 - 0x00007fffa4abb000 	C:\Windows\SYSTEM32\CRYPTSP.dll
0x00007fffa4340000 - 0x00007fffa4375000 	C:\Windows\system32\rsaenh.dll
0x00007fffa4940000 - 0x00007fffa4968000 	C:\Windows\SYSTEM32\USERENV.dll
0x00007fffa4ac0000 - 0x00007fffa4acc000 	C:\Windows\SYSTEM32\CRYPTBASE.dll
0x00007fffa3e30000 - 0x00007fffa3e5d000 	C:\Windows\SYSTEM32\IPHLPAPI.DLL
0x00007fffa78f0000 - 0x00007fffa78f9000 	C:\Windows\System32\NSI.dll
0x00007fff96340000 - 0x00007fff96349000 	C:\Program Files\Android\Android Studio\jbr\bin\extnet.dll
0x00007fff963e0000 - 0x00007fff963e8000 	C:\Windows\system32\wshunix.dll

dbghelp: loaded successfully - version: 4.0.5 - missing functions: none
symbol engine: initialized successfully - sym options: 0x614 - pdb path: .;C:\Program Files\Android\Android Studio\jbr\bin;C:\Windows\SYSTEM32;C:\Windows\WinSxS\amd64_microsoft.windows.common-controls_6595b64144ccf1df_6.0.22621.3672_none_2713b9d173822955;C:\Program Files\Android\Android Studio\jbr\bin\server;C:\Users\USER\.gradle\native\c067742578af261105cb4f569cf0c3c89f3d7b1fecec35dd04571415982c5e48\windows-amd64;C:\Users\USER\.gradle\native\100fb08df4bc3b14c8652ba06237920a3bd2aa13389f12d3474272988ae205f9\windows-amd64

VM Arguments:
jvm_args: --add-opens=java.base/java.lang=ALL-UNNAMED --add-opens=java.base/java.lang.invoke=ALL-UNNAMED --add-opens=java.base/java.util=ALL-UNNAMED --add-opens=java.prefs/java.util.prefs=ALL-UNNAMED --add-exports=jdk.compiler/com.sun.tools.javac.api=ALL-UNNAMED --add-exports=jdk.compiler/com.sun.tools.javac.util=ALL-UNNAMED --add-opens=java.base/java.util=ALL-UNNAMED --add-opens=java.prefs/java.util.prefs=ALL-UNNAMED --add-opens=java.base/java.nio.charset=ALL-UNNAMED --add-opens=java.base/java.net=ALL-UNNAMED --add-opens=java.base/java.util.concurrent.atomic=ALL-UNNAMED --add-opens=java.xml/javax.xml.namespace=ALL-UNNAMED -Xmx2048m -Dfile.encoding=UTF-8 -Duser.country=US -Duser.language=en -Duser.variant -javaagent:C:\Users\USER\.gradle\wrapper\dists\gradle-8.11.1-bin\bpt9gzteqjrbo1mjrsomdt32c\gradle-8.11.1\lib\agents\gradle-instrumentation-agent-8.11.1.jar 
java_command: org.gradle.launcher.daemon.bootstrap.GradleDaemon 8.11.1
java_class_path (initial): C:\Users\USER\.gradle\wrapper\dists\gradle-8.11.1-bin\bpt9gzteqjrbo1mjrsomdt32c\gradle-8.11.1\lib\gradle-daemon-main-8.11.1.jar
Launcher Type: SUN_STANDARD

[Global flags]
     intx CICompilerCount                          = 3                                         {product} {ergonomic}
     uint ConcGCThreads                            = 1                                         {product} {ergonomic}
     uint G1ConcRefinementThreads                  = 4                                         {product} {ergonomic}
   size_t G1HeapRegionSize                         = 1048576                                   {product} {ergonomic}
    uintx GCDrainStackTargetSize                   = 64                                        {product} {ergonomic}
   size_t InitialHeapSize                          = 266338304                                 {product} {ergonomic}
   size_t MarkStackSize                            = 4194304                                   {product} {ergonomic}
   size_t MaxHeapSize                              = 2147483648                                {product} {command line}
   size_t MaxNewSize                               = 1287651328                                {product} {ergonomic}
   size_t MinHeapDeltaBytes                        = 1048576                                   {product} {ergonomic}
   size_t MinHeapSize                              = 8388608                                   {product} {ergonomic}
    uintx NonNMethodCodeHeapSize                   = 5832780                                {pd product} {ergonomic}
    uintx NonProfiledCodeHeapSize                  = 122912730                              {pd product} {ergonomic}
    uintx ProfiledCodeHeapSize                     = 122912730                              {pd product} {ergonomic}
    uintx ReservedCodeCacheSize                    = 251658240                              {pd product} {ergonomic}
     bool SegmentedCodeCache                       = true                                      {product} {ergonomic}
   size_t SoftMaxHeapSize                          = 2147483648                             {manageable} {ergonomic}
     bool UseCompressedOops                        = true                           {product lp64_product} {ergonomic}
     bool UseG1GC                                  = true                                      {product} {ergonomic}
     bool UseLargePagesIndividualAllocation        = false                                  {pd product} {ergonomic}

Logging:
Log output configuration:
 #0: stdout all=warning uptime,level,tags foldmultilines=false
 #1: stderr all=off uptime,level,tags foldmultilines=false

Environment Variables:
PATH=C:\Program Files (x86)\Common Files\Oracle\Java\javapath;C:\Program Files (x86)\Common Files\Intel\Shared Libraries\redist\intel64\compiler;C:\Windows\system32;C:\Windows;C:\Windows\System32\Wbem;C:\Windows\System32\WindowsPowerShell\v1.0\;C:\Windows\System32\OpenSSH\;C:\ProgramData\chocolatey\bin;C:\Program Files\nodejs\;C:\Program Files\Git\cmd;C:\Users\USER\AppData\Local\Programs\Python\Python311\Scripts\;C:\Users\USER\AppData\Local\Programs\Python\Python311\;C:\Users\USER\AppData\Local\Microsoft\WindowsApps;C:\Users\USER\AppData\Local\GitHubDesktop\bin;C:\Users\USER\AppData\Local\Programs\Microsoft VS Code\bin;C:\Users\USER\AppData\Roaming\npm
USERNAME=USER
OS=Windows_NT
PROCESSOR_IDENTIFIER=Intel64 Family 6 Model 78 Stepping 3, GenuineIntel
TMP=C:\Users\USER\AppData\Local\Temp
TEMP=C:\Users\USER\AppData\Local\Temp




Periodic native trim disabled

JNI global refs:
JNI global refs: 23, weak refs: 0

JNI global refs memory usage: 835, weak refs: 833

Process memory usage:
Resident Set Size: 192628K (1% of 16629228K total physical memory with 4181312K free physical memory)

OOME stack traces (most recent first):
Classloader memory used:
Loader bootstrap                                                                       : 17184K
Loader org.gradle.internal.classloader.VisitableURLClassLoader                         : 15309K
Loader org.gradle.initialization.MixInLegacyTypesClassLoader                           : 2829K
Loader jdk.internal.loader.ClassLoaders$AppClassLoader                                 : 234K
Loader jdk.internal.loader.ClassLoaders$PlatformClassLoader                            : 114K

Classes loaded by more than one classloader:
Class org.gradle.internal.classloader.FilteringClassLoader                            : loaded 2 times (x 101B)
Class org.gradle.internal.classloader.ClassLoaderHierarchy                            : loaded 2 times (x 66B)
Class org.gradle.api.internal.classpath.ManifestUtil                                  : loaded 2 times (x 67B)
Class org.gradle.internal.classloader.DefaultClassLoaderFactory                       : loaded 2 times (x 78B)
Class org.gradle.internal.classloader.ClassLoaderVisitor                              : loaded 2 times (x 72B)
Class org.gradle.api.internal.classpath.EffectiveClassPath                            : loaded 2 times (x 86B)
Class org.gradle.api.internal.DefaultClassPathProvider                                : loaded 2 times (x 72B)
Class [Lorg.gradle.api.internal.ClassPathProvider;                                    : loaded 2 times (x 65B)
Class org.gradle.api.internal.ClassPathProvider                                       : loaded 2 times (x 66B)
Class org.gradle.internal.service.UnknownServiceException                             : loaded 2 times (x 79B)
Class org.gradle.internal.classpath.TransformedClassPath                              : loaded 2 times (x 92B)
Class org.gradle.internal.classloader.InstrumentingClassLoader                        : loaded 2 times (x 66B)
Class org.gradle.internal.service.ServiceLocator                                      : loaded 2 times (x 66B)
Class org.gradle.internal.InternalTransformer                                         : loaded 2 times (x 66B)
Class org.gradle.internal.classloader.ClasspathUtil$1                                 : loaded 2 times (x 72B)
Class org.gradle.api.internal.classpath.DefaultModuleRegistry$DefaultModule           : loaded 2 times (x 82B)
Class org.gradle.api.internal.classpath.Module                                        : loaded 2 times (x 66B)
Class org.gradle.api.internal.classpath.UnknownModuleException                        : loaded 2 times (x 78B)
Class org.gradle.api.internal.DefaultClassPathRegistry                                : loaded 2 times (x 72B)
Class org.gradle.api.internal.ClassPathRegistry                                       : loaded 2 times (x 66B)
Class org.gradle.internal.classpath.DefaultClassPath$ImmutableUniqueList              : loaded 2 times (x 195B)
Class org.gradle.internal.classpath.ClassPath                                         : loaded 2 times (x 66B)
Class org.gradle.api.UncheckedIOException                                             : loaded 2 times (x 78B)
Class org.gradle.internal.installation.GradleInstallation$1                           : loaded 2 times (x 71B)
Class org.gradle.api.internal.classpath.ModuleRegistry                                : loaded 2 times (x 66B)
Class org.gradle.api.internal.classpath.DefaultModuleRegistry                         : loaded 2 times (x 82B)
Class org.gradle.internal.service.ServiceLookupException                              : loaded 2 times (x 78B)
Class org.gradle.internal.classloader.ClassLoaderFactory                              : loaded 2 times (x 66B)
Class org.gradle.internal.service.CachingServiceLocator                               : loaded 2 times (x 78B)
Class org.gradle.internal.classloader.ClasspathUtil                                   : loaded 2 times (x 67B)
Class org.gradle.api.specs.Spec                                                       : loaded 2 times (x 66B)
Class org.gradle.internal.classloader.VisitableURLClassLoader$InstrumentingVisitableURLClassLoader: loaded 2 times (x 119B)
Class org.gradle.internal.classloader.VisitableURLClassLoader$Spec                    : loaded 2 times (x 70B)
Class org.gradle.internal.classpath.DefaultClassPath                                  : loaded 2 times (x 86B)
Class org.gradle.internal.classloader.ClassLoaderSpec                                 : loaded 2 times (x 67B)
Class org.gradle.internal.classloader.VisitableURLClassLoader                         : loaded 2 times (x 113B)
Class org.gradle.internal.Cast                                                        : loaded 2 times (x 67B)
Class org.gradle.api.Action                                                           : loaded 2 times (x 66B)
Class org.gradle.internal.classpath.DefaultClassPath$ImmutableUniqueList$Builder      : loaded 2 times (x 71B)
Class org.gradle.api.GradleException                                                  : loaded 2 times (x 78B)
Class org.gradle.internal.IoActions                                                   : loaded 2 times (x 67B)
Class org.gradle.internal.classloader.SystemClassLoaderSpec                           : loaded 2 times (x 67B)
Class org.gradle.api.internal.classpath.GlobalCacheRootsProvider                      : loaded 2 times (x 66B)
Class org.gradle.internal.installation.CurrentGradleInstallationLocator               : loaded 2 times (x 67B)
Class org.gradle.internal.service.DefaultServiceLocator                               : loaded 2 times (x 79B)
Class org.gradle.internal.installation.CurrentGradleInstallation                      : loaded 2 times (x 69B)
Class org.gradle.util.internal.GUtil                                                  : loaded 2 times (x 67B)
Class org.gradle.internal.installation.GradleInstallation                             : loaded 2 times (x 71B)

---------------  S Y S T E M  ---------------

OS:
 Windows 11 , 64 bit Build 22621 (10.0.22621.3958)
OS uptime: 1 days 4:34 hours

CPU: total 4 (initial active 4) (2 cores per cpu, 2 threads per core) family 6 model 78 stepping 3 microcode 0xf0, cx8, cmov, fxsr, ht, mmx, 3dnowpref, sse, sse2, sse3, ssse3, sse4.1, sse4.2, popcnt, lzcnt, tsc, tscinvbit, avx, avx2, aes, erms, clmul, bmi1, bmi2, rtm, adx, fma, vzeroupper, clflush, clflushopt, rdtscp, f16c
Processor Information for the first 4 processors :
  Max Mhz: 2808, Current Mhz: 2607, Mhz Limit: 2583

Memory: 4k page, system-wide physical 16239M (4083M free)
TotalPageFile size 23919M (AvailPageFile size 8548M)
current process WorkingSet (physical memory assigned to process): 188M, peak: 192M
current process commit charge ("private bytes"): 220M, peak: 372M

vm_info: OpenJDK 64-Bit Server VM (21.0.6+-13368085-b895.109) for windows-amd64 JRE (21.0.6+-13368085-b895.109), built on 2025-04-16T17:01:31Z by "builder" with MS VC++ 16.10 / 16.11 (VS2019)

END.
